1/13/2011 6:04:24 PM
INFO  2011-01-13 10:01:50,581 - Installing bundle...
INFO  2011-01-13 10:01:50,581 - Performing pre-install.
INFO  2011-01-13 10:01:50,597 - Installing context item: SalesLogix Application Entities (\Entity Model\SalesLogix Application Entities\SalesLogix Application Entities.T.package.xml)
INFO  2011-01-13 10:01:53,222 - Successfully installed SalesLogix Application Entities (\Entity Model\SalesLogix Application Entities\SalesLogix Application Entities.T.package.xml)
INFO  2011-01-13 10:01:53,222 - Installing model item: Defect (\Entity Model\SalesLogix Application Entities\Defect\Defect.DEFECT.entity.xml)
INFO  2011-01-13 10:02:01,456 - Successfully installed Defect (\Entity Model\SalesLogix Application Entities\Defect\Defect.DEFECT.entity.xml)
INFO  2011-01-13 10:02:01,456 - Installing model item: DefectProblem (\Entity Model\SalesLogix Application Entities\DefectProblem\DefectProblem.Defect.DEFECTPROBLEM.entity.xml)
INFO  2011-01-13 10:02:01,581 - Successfully installed DefectProblem (\Entity Model\SalesLogix Application Entities\DefectProblem\DefectProblem.Defect.DEFECTPROBLEM.entity.xml)
INFO  2011-01-13 10:02:01,581 - Installing model item: DefectProduct (\Entity Model\SalesLogix Application Entities\DefectProduct\DefectProduct.DEFECTPRODUCT.entity.xml)
INFO  2011-01-13 10:02:01,675 - Successfully installed DefectProduct (\Entity Model\SalesLogix Application Entities\DefectProduct\DefectProduct.DEFECTPRODUCT.entity.xml)
INFO  2011-01-13 10:02:01,675 - Installing model item: DefectReturn (\Entity Model\SalesLogix Application Entities\DefectReturn\DefectReturn.DEFECTRMA.entity.xml)
INFO  2011-01-13 10:02:01,769 - Successfully installed DefectReturn (\Entity Model\SalesLogix Application Entities\DefectReturn\DefectReturn.DEFECTRMA.entity.xml)
INFO  2011-01-13 10:02:01,769 - Installing model item: DefectSolution (\Entity Model\SalesLogix Application Entities\DefectSolution\DefectSolution.Defect.DEFECTSOLUTION.entity.xml)
INFO  2011-01-13 10:02:01,862 - Successfully installed DefectSolution (\Entity Model\SalesLogix Application Entities\DefectSolution\DefectSolution.Defect.DEFECTSOLUTION.entity.xml)
INFO  2011-01-13 10:02:01,862 - Installing model item: DefectTicket (\Entity Model\SalesLogix Application Entities\DefectTicket\DefectTicket.DEFECTTICKET.entity.xml)
INFO  2011-01-13 10:02:01,987 - Successfully installed DefectTicket (\Entity Model\SalesLogix Application Entities\DefectTicket\DefectTicket.DEFECTTICKET.entity.xml)
INFO  2011-01-13 10:02:01,987 - Installing model item: LeadAddress (\Entity Model\SalesLogix Application Entities\LeadAddress\LeadAddress.LEAD_ADDRESS.entity.xml)
INFO  2011-01-13 10:02:03,440 - Successfully installed LeadAddress (\Entity Model\SalesLogix Application Entities\LeadAddress\LeadAddress.LEAD_ADDRESS.entity.xml)
INFO  2011-01-13 10:02:03,440 - Installing context item: Product (\Entity Model\SalesLogix Application Entities\Product\Product.PRODUCT.entity.xml)
INFO  2011-01-13 10:02:16,800 - Successfully installed Product (\Entity Model\SalesLogix Application Entities\Product\Product.PRODUCT.entity.xml)
INFO  2011-01-13 10:02:16,800 - Installing model item: ModifiedBy (\Entity Model\SalesLogix Application Entities\Product\ModifiedBy.filter.xml)
INFO  2011-01-13 10:02:18,175 - Successfully installed ModifiedBy (\Entity Model\SalesLogix Application Entities\Product\ModifiedBy.filter.xml)
INFO  2011-01-13 10:02:18,175 - Installing model item: TicketProblem (\Entity Model\SalesLogix Application Entities\TicketProblem\TicketProblem.Ticket.TICKETPROBLEM.entity.xml)
INFO  2011-01-13 10:02:18,206 - Successfully installed TicketProblem (\Entity Model\SalesLogix Application Entities\TicketProblem\TicketProblem.Ticket.TICKETPROBLEM.entity.xml)
INFO  2011-01-13 10:02:18,269 - Installing model item: TicketSolution (\Entity Model\SalesLogix Application Entities\TicketSolution\TicketSolution.Ticket.TICKETSOLUTION.entity.xml)
INFO  2011-01-13 10:02:18,284 - Successfully installed TicketSolution (\Entity Model\SalesLogix Application Entities\TicketSolution\TicketSolution.Ticket.TICKETSOLUTION.entity.xml)
INFO  2011-01-13 10:02:18,284 - Installing model item: Urgency (\Entity Model\SalesLogix Application Entities\Urgency\Urgency.URGENCY.entity.xml)
INFO  2011-01-13 10:02:18,394 - Successfully installed Urgency (\Entity Model\SalesLogix Application Entities\Urgency\Urgency.URGENCY.entity.xml)
INFO  2011-01-13 10:02:18,394 - Installing context item: SalesLogix Security Support (\Entity Model\SalesLogix Security Support\SalesLogix Security Support.T.package.xml)
INFO  2011-01-13 10:02:18,409 - Successfully installed SalesLogix Security Support (\Entity Model\SalesLogix Security Support\SalesLogix Security Support.T.package.xml)
INFO  2011-01-13 10:02:18,409 - Installing context item: User (\Entity Model\SalesLogix Security Support\User\User.USERSECURITY.entity.xml)
INFO  2011-01-13 10:02:28,956 - Successfully installed User (\Entity Model\SalesLogix Security Support\User\User.USERSECURITY.entity.xml)
INFO  2011-01-13 10:02:28,972 - Installing model item: UserType (\Entity Model\SalesLogix Security Support\User\UserType.filter.xml)
INFO  2011-01-13 10:02:29,128 - Successfully installed UserType (\Entity Model\SalesLogix Security Support\User\UserType.filter.xml)
INFO  2011-01-13 10:02:29,128 - Installing context item: Web Reporting Portal (\Portal\slxwebrpt\slxwebrpt.portal.xml)
INFO  2011-01-13 10:02:33,316 - Successfully installed Web Reporting Portal (\Portal\slxwebrpt\slxwebrpt.portal.xml)
INFO  2011-01-13 10:02:33,316 - Installing context item: SalesLogix Lead Capture (\Portal\SlxLeadCapture\SlxLeadCapture.portal.xml)
INFO  2011-01-13 10:02:34,878 - Successfully installed SalesLogix Lead Capture (\Portal\SlxLeadCapture\SlxLeadCapture.portal.xml)
INFO  2011-01-13 10:02:34,878 - Installing context item: Intellisync For SalesLogix (\Portal\SlxIntellisync\SlxIntellisync.portal.xml)
INFO  2011-01-13 10:02:38,659 - Successfully installed Intellisync For SalesLogix (\Portal\SlxIntellisync\SlxIntellisync.portal.xml)
INFO  2011-01-13 10:02:38,659 - Installing context item: Sage SalesLogix Customer Portal (\Portal\SLXCustomerPortal\SLXCustomerPortal.portal.xml)
INFO  2011-01-13 10:02:40,456 - Successfully installed Sage SalesLogix Customer Portal (\Portal\SLXCustomerPortal\SLXCustomerPortal.portal.xml)
INFO  2011-01-13 10:02:40,456 - Installing context item: Sage SalesLogix (\Portal\SlxClient\SlxClient.portal.xml)
INFO  2011-01-13 10:02:45,769 - Successfully installed Sage SalesLogix (\Portal\SlxClient\SlxClient.portal.xml)
INFO  2011-01-13 10:02:45,784 - Installing model item: Activity Reminders (\Portal\SlxClient\ChildPages\ActivityReminders\ActivityReminders.page.xml)
INFO  2011-01-13 10:02:46,534 - Successfully installed Activity Reminders (\Portal\SlxClient\ChildPages\ActivityReminders\ActivityReminders.page.xml)
INFO  2011-01-13 10:02:46,534 - Installing model item: EditRecurrence (Custom) (\Portal\SlxClient\ChildPages\ActivityReminders\SmartParts\EditRecurrence.smartpart.xml)
INFO  2011-01-13 10:02:46,769 - Successfully installed EditRecurrence (Custom) (\Portal\SlxClient\ChildPages\ActivityReminders\SmartParts\EditRecurrence.smartpart.xml)
INFO  2011-01-13 10:02:46,769 - Installing model item: Activities (\Portal\SlxClient\ChildPages\ActivityManager\ActivityManager.page.xml)
INFO  2011-01-13 10:02:46,847 - Successfully installed Activities (\Portal\SlxClient\ChildPages\ActivityManager\ActivityManager.page.xml)
INFO  2011-01-13 10:02:46,847 - Installing model item: DeleteRecurrence (Custom) (\Portal\SlxClient\ChildPages\ActivityManager\SmartParts\DeleteRecurrence.smartpart.xml)
INFO  2011-01-13 10:02:46,972 - Successfully installed DeleteRecurrence (Custom) (\Portal\SlxClient\ChildPages\ActivityManager\SmartParts\DeleteRecurrence.smartpart.xml)
INFO  2011-01-13 10:02:46,988 - Installing context item: SData Integration Host (\Portal\sdata\sdata.portal.xml)
INFO  2011-01-13 10:02:48,034 - Successfully installed SData Integration Host (\Portal\sdata\sdata.portal.xml)
INFO  2011-01-13 10:02:48,144 - Installing context item: Process Host Portal (\Portal\ProcessHost\ProcessHost.portal.xml)
INFO  2011-01-13 10:02:49,425 - Successfully installed Process Host Portal (\Portal\ProcessHost\ProcessHost.portal.xml)
INFO  2011-01-13 10:02:49,441 - Configuring installed items.
INFO  2011-01-13 10:02:49,441 - Configuring Web Reporting Portal...
INFO  2011-01-13 10:02:49,456 - Configuring SalesLogix Lead Capture...
INFO  2011-01-13 10:02:49,519 - Configuring Intellisync For SalesLogix...
INFO  2011-01-13 10:02:49,535 - Configuring Sage SalesLogix Customer Portal...
INFO  2011-01-13 10:02:49,535 - Configuring Sage SalesLogix...
INFO  2011-01-13 10:02:49,535 - Configuring Activity Reminders...
INFO  2011-01-13 10:02:59,316 - Configuring EditRecurrence (Custom)...
INFO  2011-01-13 10:02:59,316 - Configuring Activities...
INFO  2011-01-13 10:02:59,316 - Configuring DeleteRecurrence (Custom)...
INFO  2011-01-13 10:02:59,316 - Configuring SData Integration Host...
INFO  2011-01-13 10:02:59,331 - Configuring Process Host Portal...
INFO  2011-01-13 10:02:59,331 - Performing pre-commit to target project.
INFO  2011-01-13 10:02:59,566 - Committing items to target project...
INFO  2011-01-13 10:04:22,973 - Committing transactions...
INFO  2011-01-13 10:04:24,566 - Copying bundle manifest to project.
INFO  2011-01-13 10:04:32,113 - Install complete.
