3/22/2011 3:25:16 PM
INFO  2011-03-22 09:24:32,234 - Installing bundle...
INFO  2011-03-22 09:24:32,250 - Performing pre-install.
INFO  2011-03-22 09:24:32,265 - Installing context item: SalesLogix Application Entities (\Entity Model\SalesLogix Application Entities\SalesLogix Application Entities.T.package.xml)
INFO  2011-03-22 09:24:33,828 - Successfully installed SalesLogix Application Entities (\Entity Model\SalesLogix Application Entities\SalesLogix Application Entities.T.package.xml)
INFO  2011-03-22 09:24:34,250 - Installing model item: Defect (\Entity Model\SalesLogix Application Entities\Defect\Defect.DEFECT.entity.xml)
INFO  2011-03-22 09:24:38,937 - Successfully installed Defect (\Entity Model\SalesLogix Application Entities\Defect\Defect.DEFECT.entity.xml)
INFO  2011-03-22 09:24:38,953 - Installing model item: DefectProblem (\Entity Model\SalesLogix Application Entities\DefectProblem\DefectProblem.Defect.DEFECTPROBLEM.entity.xml)
INFO  2011-03-22 09:24:38,984 - Successfully installed DefectProblem (\Entity Model\SalesLogix Application Entities\DefectProblem\DefectProblem.Defect.DEFECTPROBLEM.entity.xml)
INFO  2011-03-22 09:24:38,984 - Installing model item: DefectProduct (\Entity Model\SalesLogix Application Entities\DefectProduct\DefectProduct.DEFECTPRODUCT.entity.xml)
INFO  2011-03-22 09:24:39,031 - Successfully installed DefectProduct (\Entity Model\SalesLogix Application Entities\DefectProduct\DefectProduct.DEFECTPRODUCT.entity.xml)
INFO  2011-03-22 09:24:39,046 - Installing model item: DefectReturn (\Entity Model\SalesLogix Application Entities\DefectReturn\DefectReturn.DEFECTRMA.entity.xml)
INFO  2011-03-22 09:24:39,062 - Successfully installed DefectReturn (\Entity Model\SalesLogix Application Entities\DefectReturn\DefectReturn.DEFECTRMA.entity.xml)
INFO  2011-03-22 09:24:39,093 - Installing model item: DefectSolution (\Entity Model\SalesLogix Application Entities\DefectSolution\DefectSolution.Defect.DEFECTSOLUTION.entity.xml)
INFO  2011-03-22 09:24:39,125 - Successfully installed DefectSolution (\Entity Model\SalesLogix Application Entities\DefectSolution\DefectSolution.Defect.DEFECTSOLUTION.entity.xml)
INFO  2011-03-22 09:24:39,140 - Installing model item: DefectTicket (\Entity Model\SalesLogix Application Entities\DefectTicket\DefectTicket.DEFECTTICKET.entity.xml)
INFO  2011-03-22 09:24:39,234 - Successfully installed DefectTicket (\Entity Model\SalesLogix Application Entities\DefectTicket\DefectTicket.DEFECTTICKET.entity.xml)
INFO  2011-03-22 09:24:39,250 - Installing model item: LeadAddress (\Entity Model\SalesLogix Application Entities\LeadAddress\LeadAddress.LEAD_ADDRESS.entity.xml)
INFO  2011-03-22 09:24:40,171 - Successfully installed LeadAddress (\Entity Model\SalesLogix Application Entities\LeadAddress\LeadAddress.LEAD_ADDRESS.entity.xml)
INFO  2011-03-22 09:24:40,171 - Installing context item: Product (\Entity Model\SalesLogix Application Entities\Product\Product.PRODUCT.entity.xml)
INFO  2011-03-22 09:24:43,578 - Successfully installed Product (\Entity Model\SalesLogix Application Entities\Product\Product.PRODUCT.entity.xml)
INFO  2011-03-22 09:24:43,593 - Installing model item: ModifiedBy (\Entity Model\SalesLogix Application Entities\Product\ModifiedBy.filter.xml)
INFO  2011-03-22 09:24:44,437 - Successfully installed ModifiedBy (\Entity Model\SalesLogix Application Entities\Product\ModifiedBy.filter.xml)
INFO  2011-03-22 09:24:44,453 - Installing model item: TicketProblem (\Entity Model\SalesLogix Application Entities\TicketProblem\TicketProblem.Ticket.TICKETPROBLEM.entity.xml)
INFO  2011-03-22 09:24:44,500 - Successfully installed TicketProblem (\Entity Model\SalesLogix Application Entities\TicketProblem\TicketProblem.Ticket.TICKETPROBLEM.entity.xml)
INFO  2011-03-22 09:24:44,515 - Installing model item: TicketSolution (\Entity Model\SalesLogix Application Entities\TicketSolution\TicketSolution.Ticket.TICKETSOLUTION.entity.xml)
INFO  2011-03-22 09:24:44,546 - Successfully installed TicketSolution (\Entity Model\SalesLogix Application Entities\TicketSolution\TicketSolution.Ticket.TICKETSOLUTION.entity.xml)
INFO  2011-03-22 09:24:44,562 - Installing model item: Urgency (\Entity Model\SalesLogix Application Entities\Urgency\Urgency.URGENCY.entity.xml)
INFO  2011-03-22 09:24:44,609 - Successfully installed Urgency (\Entity Model\SalesLogix Application Entities\Urgency\Urgency.URGENCY.entity.xml)
INFO  2011-03-22 09:24:44,609 - Installing context item: SalesLogix Security Support (\Entity Model\SalesLogix Security Support\SalesLogix Security Support.T.package.xml)
INFO  2011-03-22 09:24:44,656 - Successfully installed SalesLogix Security Support (\Entity Model\SalesLogix Security Support\SalesLogix Security Support.T.package.xml)
INFO  2011-03-22 09:24:44,671 - Installing context item: User (\Entity Model\SalesLogix Security Support\User\User.USERSECURITY.entity.xml)
INFO  2011-03-22 09:24:48,812 - Successfully installed User (\Entity Model\SalesLogix Security Support\User\User.USERSECURITY.entity.xml)
INFO  2011-03-22 09:24:48,828 - Installing model item: UserType (\Entity Model\SalesLogix Security Support\User\UserType.filter.xml)
INFO  2011-03-22 09:24:48,906 - Successfully installed UserType (\Entity Model\SalesLogix Security Support\User\UserType.filter.xml)
INFO  2011-03-22 09:24:48,921 - Installing context item: Web Reporting Portal (\Portal\slxwebrpt\slxwebrpt.portal.xml)
INFO  2011-03-22 09:24:50,953 - Successfully installed Web Reporting Portal (\Portal\slxwebrpt\slxwebrpt.portal.xml)
INFO  2011-03-22 09:24:50,984 - Installing context item: SalesLogix Lead Capture (\Portal\SlxLeadCapture\SlxLeadCapture.portal.xml)
INFO  2011-03-22 09:24:51,437 - Successfully installed SalesLogix Lead Capture (\Portal\SlxLeadCapture\SlxLeadCapture.portal.xml)
INFO  2011-03-22 09:24:51,468 - Installing context item: Intellisync For SalesLogix (\Portal\SlxIntellisync\SlxIntellisync.portal.xml)
INFO  2011-03-22 09:24:52,859 - Successfully installed Intellisync For SalesLogix (\Portal\SlxIntellisync\SlxIntellisync.portal.xml)
INFO  2011-03-22 09:24:52,875 - Installing context item: Sage SalesLogix Customer Portal (\Portal\SLXCustomerPortal\SLXCustomerPortal.portal.xml)
INFO  2011-03-22 09:24:53,234 - Successfully installed Sage SalesLogix Customer Portal (\Portal\SLXCustomerPortal\SLXCustomerPortal.portal.xml)
INFO  2011-03-22 09:24:53,250 - Installing context item: Sage SalesLogix (\Portal\SlxClient\SlxClient.portal.xml)
INFO  2011-03-22 09:24:57,500 - Successfully installed Sage SalesLogix (\Portal\SlxClient\SlxClient.portal.xml)
INFO  2011-03-22 09:24:57,531 - Installing model item: Activity Reminders (\Portal\SlxClient\ChildPages\ActivityReminders\ActivityReminders.page.xml)
INFO  2011-03-22 09:24:57,984 - Successfully installed Activity Reminders (\Portal\SlxClient\ChildPages\ActivityReminders\ActivityReminders.page.xml)
INFO  2011-03-22 09:24:57,984 - Installing model item: EditRecurrence (Custom) (\Portal\SlxClient\ChildPages\ActivityReminders\SmartParts\EditRecurrence.smartpart.xml)
INFO  2011-03-22 09:24:58,015 - Successfully installed EditRecurrence (Custom) (\Portal\SlxClient\ChildPages\ActivityReminders\SmartParts\EditRecurrence.smartpart.xml)
INFO  2011-03-22 09:24:58,031 - Installing model item: Activities (\Portal\SlxClient\ChildPages\ActivityManager\ActivityManager.page.xml)
INFO  2011-03-22 09:24:58,062 - Successfully installed Activities (\Portal\SlxClient\ChildPages\ActivityManager\ActivityManager.page.xml)
INFO  2011-03-22 09:24:58,078 - Installing model item: DeleteRecurrence (Custom) (\Portal\SlxClient\ChildPages\ActivityManager\SmartParts\DeleteRecurrence.smartpart.xml)
INFO  2011-03-22 09:24:58,109 - Successfully installed DeleteRecurrence (Custom) (\Portal\SlxClient\ChildPages\ActivityManager\SmartParts\DeleteRecurrence.smartpart.xml)
INFO  2011-03-22 09:24:58,125 - Installing context item: SData Integration Host (\Portal\sdata\sdata.portal.xml)
INFO  2011-03-22 09:24:58,468 - Successfully installed SData Integration Host (\Portal\sdata\sdata.portal.xml)
INFO  2011-03-22 09:24:58,484 - Installing context item: Process Host Portal (\Portal\ProcessHost\ProcessHost.portal.xml)
INFO  2011-03-22 09:24:58,828 - Successfully installed Process Host Portal (\Portal\ProcessHost\ProcessHost.portal.xml)
INFO  2011-03-22 09:24:58,953 - Configuring installed items.
INFO  2011-03-22 09:24:59,000 - Configuring Web Reporting Portal...
INFO  2011-03-22 09:24:59,046 - Configuring SalesLogix Lead Capture...
INFO  2011-03-22 09:24:59,062 - Configuring Intellisync For SalesLogix...
INFO  2011-03-22 09:24:59,093 - Configuring Sage SalesLogix Customer Portal...
INFO  2011-03-22 09:24:59,109 - Configuring Sage SalesLogix...
INFO  2011-03-22 09:24:59,125 - Configuring Activity Reminders...
INFO  2011-03-22 09:25:12,468 - Configuring EditRecurrence (Custom)...
INFO  2011-03-22 09:25:12,484 - Configuring Activities...
INFO  2011-03-22 09:25:12,515 - Configuring DeleteRecurrence (Custom)...
INFO  2011-03-22 09:25:12,515 - Configuring SData Integration Host...
INFO  2011-03-22 09:25:12,562 - Configuring Process Host Portal...
INFO  2011-03-22 09:25:12,593 - Performing pre-commit to target project.
INFO  2011-03-22 09:25:12,718 - Committing items to target project...
INFO  2011-03-22 09:25:15,828 - Committing transactions...
INFO  2011-03-22 09:25:16,312 - Copying bundle manifest to project.
INFO  2011-03-22 09:25:30,140 - Install complete.
