4/16/2013 2:04:31 PM
INFO  2013-04-16 08:04:27,110 - Installing bundle...
INFO  2013-04-16 08:04:27,113 - Performing pre-install.
INFO  2013-04-16 08:04:27,116 - Installing context item: Process Host Portal (\Portal\ProcessHost\ProcessHost.cabsvc.ptl.xml)
INFO  2013-04-16 08:04:27,540 - Successfully installed Process Host Portal (\Portal\ProcessHost\ProcessHost.cabsvc.ptl.xml)
INFO  2013-04-16 08:04:27,542 - Installing context item: SData Integration Host (\Portal\sdata\sdata.cabsvc.ptl.xml)
INFO  2013-04-16 08:04:28,237 - Successfully installed SData Integration Host (\Portal\sdata\sdata.cabsvc.ptl.xml)
INFO  2013-04-16 08:04:28,239 - Installing context item: Sage SalesLogix (\Portal\SlxClient\SlxClient.cabapp.ptl.xml)
INFO  2013-04-16 08:04:29,077 - Successfully installed Sage SalesLogix (\Portal\SlxClient\SlxClient.cabapp.ptl.xml)
INFO  2013-04-16 08:04:29,080 - Installing context item: Sage SalesLogix Customer Portal (\Portal\SLXCustomerPortal\SLXCustomerPortal.cabapp.ptl.xml)
INFO  2013-04-16 08:04:29,906 - Successfully installed Sage SalesLogix Customer Portal (\Portal\SLXCustomerPortal\SLXCustomerPortal.cabapp.ptl.xml)
INFO  2013-04-16 08:04:29,910 - Installing context item: Intellisync For SalesLogix (\Portal\SlxIntellisync\SlxIntellisync.cabsvc.ptl.xml)
INFO  2013-04-16 08:04:30,169 - Successfully installed Intellisync For SalesLogix (\Portal\SlxIntellisync\SlxIntellisync.cabsvc.ptl.xml)
INFO  2013-04-16 08:04:30,173 - Installing context item: Sage SalesLogix Job Service (\Portal\SlxJobService\SlxJobService.cabsch.ptl.xml)
INFO  2013-04-16 08:04:30,503 - Successfully installed Sage SalesLogix Job Service (\Portal\SlxJobService\SlxJobService.cabsch.ptl.xml)
INFO  2013-04-16 08:04:30,507 - Installing context item: Process Host Portal (\Portal\ProcessHost\ProcessHost.cabsvc.ptl.xml)
INFO  2013-04-16 08:04:30,511 - Successfully installed Process Host Portal (\Portal\ProcessHost\ProcessHost.cabsvc.ptl.xml)
INFO  2013-04-16 08:04:30,515 - Installing context item: SData Integration Host (\Portal\sdata\sdata.cabsvc.ptl.xml)
INFO  2013-04-16 08:04:30,532 - Successfully installed SData Integration Host (\Portal\sdata\sdata.cabsvc.ptl.xml)
INFO  2013-04-16 08:04:30,537 - Installing context item: Sage SalesLogix (\Portal\SlxClient\SlxClient.cabapp.ptl.xml)
INFO  2013-04-16 08:04:30,541 - Successfully installed Sage SalesLogix (\Portal\SlxClient\SlxClient.cabapp.ptl.xml)
INFO  2013-04-16 08:04:30,546 - Installing context item: Sage SalesLogix Customer Portal (\Portal\SLXCustomerPortal\SLXCustomerPortal.cabapp.ptl.xml)
INFO  2013-04-16 08:04:30,552 - Successfully installed Sage SalesLogix Customer Portal (\Portal\SLXCustomerPortal\SLXCustomerPortal.cabapp.ptl.xml)
INFO  2013-04-16 08:04:30,557 - Installing context item: Intellisync For SalesLogix (\Portal\SlxIntellisync\SlxIntellisync.cabsvc.ptl.xml)
INFO  2013-04-16 08:04:30,562 - Successfully installed Intellisync For SalesLogix (\Portal\SlxIntellisync\SlxIntellisync.cabsvc.ptl.xml)
INFO  2013-04-16 08:04:30,567 - Installing context item: Sage SalesLogix Job Service (\Portal\SlxJobService\SlxJobService.cabsch.ptl.xml)
INFO  2013-04-16 08:04:30,573 - Successfully installed Sage SalesLogix Job Service (\Portal\SlxJobService\SlxJobService.cabsch.ptl.xml)
INFO  2013-04-16 08:04:30,578 - Configuring installed items.
INFO  2013-04-16 08:04:30,583 - Configuring Process Host Portal...
INFO  2013-04-16 08:04:30,590 - Configuring SData Integration Host...
INFO  2013-04-16 08:04:30,613 - Configuring Sage SalesLogix...
INFO  2013-04-16 08:04:30,620 - Configuring Sage SalesLogix Customer Portal...
INFO  2013-04-16 08:04:30,627 - Configuring Intellisync For SalesLogix...
INFO  2013-04-16 08:04:30,634 - Configuring Sage SalesLogix Job Service...
INFO  2013-04-16 08:04:30,642 - Performing pre-commit to target project.
INFO  2013-04-16 08:04:30,705 - Committing items to target project...
INFO  2013-04-16 08:04:31,284 - Committing transactions...
INFO  2013-04-16 08:04:31,831 - Copying bundle manifest to project.
INFO  2013-04-16 08:04:33,289 - Install complete.
