5/4/2012 5:07:48 PM
INFO  2012-05-04 13:07:42,090 - Installing bundle...
INFO  2012-05-04 13:07:42,102 - Performing pre-install.
INFO  2012-05-04 13:07:42,110 - Installing context item: SalesLogix Application Entities (\Entity Model\SalesLogix Application Entities\SalesLogix Application Entities.T.package.xml)
INFO  2012-05-04 13:07:42,115 - Successfully installed SalesLogix Application Entities (\Entity Model\SalesLogix Application Entities\SalesLogix Application Entities.T.package.xml)
INFO  2012-05-04 13:07:42,118 - Installing model item: Address (\Entity Model\SalesLogix Application Entities\Address\Address.ADDRESS.entity.xml)
INFO  2012-05-04 13:07:42,488 - Successfully installed Address (\Entity Model\SalesLogix Application Entities\Address\Address.ADDRESS.entity.xml)
INFO  2012-05-04 13:07:42,491 - Installing context item: Contact (\Entity Model\SalesLogix Application Entities\Contact\Contact.CONTACT.entity.xml)
INFO  2012-05-04 13:07:42,742 - Successfully installed Contact (\Entity Model\SalesLogix Application Entities\Contact\Contact.CONTACT.entity.xml)
INFO  2012-05-04 13:07:42,747 - Installing model item: OnAfterInsert (\Entity Model\SalesLogix Application Entities\Contact\OnAfterInsert.method.xml)
INFO  2012-05-04 13:07:42,755 - Successfully installed OnAfterInsert (\Entity Model\SalesLogix Application Entities\Contact\OnAfterInsert.method.xml)
INFO  2012-05-04 13:07:42,758 - Installing item: OnAfterInsert (\Entity Model\SalesLogix Application Entities\Contact\OnAfterInsert.method.xml::Primary Steps::OnAfterInsert)
INFO  2012-05-04 13:07:42,765 - Successfully installed OnAfterInsert (\Entity Model\SalesLogix Application Entities\Contact\OnAfterInsert.method.xml::Primary Steps::OnAfterInsert)
INFO  2012-05-04 13:07:42,769 - Installing item: LinkContact (\Entity Model\SalesLogix Application Entities\Contact\OnAfterInsert.method.xml::Post Execute Steps::LinkContact)
INFO  2012-05-04 13:07:42,774 - Successfully installed LinkContact (\Entity Model\SalesLogix Application Entities\Contact\OnAfterInsert.method.xml::Post Execute Steps::LinkContact)
INFO  2012-05-04 13:07:42,780 - Installing context item: Lead (\Entity Model\SalesLogix Application Entities\Lead\Lead.LEAD.entity.xml)
INFO  2012-05-04 13:07:42,881 - Successfully installed Lead (\Entity Model\SalesLogix Application Entities\Lead\Lead.LEAD.entity.xml)
INFO  2012-05-04 13:07:42,888 - Installing model item: MergeLead (\Entity Model\SalesLogix Application Entities\Lead\MergeLead.method.xml)
INFO  2012-05-04 13:07:42,896 - Successfully installed MergeLead (\Entity Model\SalesLogix Application Entities\Lead\MergeLead.method.xml)
INFO  2012-05-04 13:07:42,908 - Installing item: MergeLead (\Entity Model\SalesLogix Application Entities\Lead\MergeLead.method.xml::Primary Steps::MergeLead)
INFO  2012-05-04 13:07:42,916 - Successfully installed MergeLead (\Entity Model\SalesLogix Application Entities\Lead\MergeLead.method.xml::Primary Steps::MergeLead)
INFO  2012-05-04 13:07:42,928 - Installing item: MergeLead_MoveCampaignTargets (\Entity Model\SalesLogix Application Entities\Lead\MergeLead.method.xml::Post Execute Steps::MergeLead_MoveCampaignTargets)
INFO  2012-05-04 13:07:42,940 - Successfully installed MergeLead_MoveCampaignTargets (\Entity Model\SalesLogix Application Entities\Lead\MergeLead.method.xml::Post Execute Steps::MergeLead_MoveCampaignTargets)
INFO  2012-05-04 13:07:42,951 - Installing item: MergeLead_MoveResponses (\Entity Model\SalesLogix Application Entities\Lead\MergeLead.method.xml::Post Execute Steps::MergeLead_MoveResponses)
INFO  2012-05-04 13:07:42,960 - Successfully installed MergeLead_MoveResponses (\Entity Model\SalesLogix Application Entities\Lead\MergeLead.method.xml::Post Execute Steps::MergeLead_MoveResponses)
INFO  2012-05-04 13:07:42,970 - Installing item: MergeLead_MoveActivities (\Entity Model\SalesLogix Application Entities\Lead\MergeLead.method.xml::Post Execute Steps::MergeLead_MoveActivities)
INFO  2012-05-04 13:07:42,982 - Successfully installed MergeLead_MoveActivities (\Entity Model\SalesLogix Application Entities\Lead\MergeLead.method.xml::Post Execute Steps::MergeLead_MoveActivities)
INFO  2012-05-04 13:07:42,990 - Installing item: MergeLead_MoveAttachments (\Entity Model\SalesLogix Application Entities\Lead\MergeLead.method.xml::Post Execute Steps::MergeLead_MoveAttachments)
INFO  2012-05-04 13:07:43,002 - Successfully installed MergeLead_MoveAttachments (\Entity Model\SalesLogix Application Entities\Lead\MergeLead.method.xml::Post Execute Steps::MergeLead_MoveAttachments)
INFO  2012-05-04 13:07:43,015 - Installing item: MergeLead_MoveHistory (\Entity Model\SalesLogix Application Entities\Lead\MergeLead.method.xml::Post Execute Steps::MergeLead_MoveHistory)
INFO  2012-05-04 13:07:43,024 - Successfully installed MergeLead_MoveHistory (\Entity Model\SalesLogix Application Entities\Lead\MergeLead.method.xml::Post Execute Steps::MergeLead_MoveHistory)
INFO  2012-05-04 13:07:43,035 - Installing item: MergeLead_MoveLeadQualification (\Entity Model\SalesLogix Application Entities\Lead\MergeLead.method.xml::Post Execute Steps::MergeLead_MoveLeadQualification)
INFO  2012-05-04 13:07:43,046 - Successfully installed MergeLead_MoveLeadQualification (\Entity Model\SalesLogix Application Entities\Lead\MergeLead.method.xml::Post Execute Steps::MergeLead_MoveLeadQualification)
INFO  2012-05-04 13:07:43,055 - Installing context item: Product (\Entity Model\SalesLogix Application Entities\Product\Product.PRODUCT.entity.xml)
INFO  2012-05-04 13:07:43,239 - Successfully installed Product (\Entity Model\SalesLogix Application Entities\Product\Product.PRODUCT.entity.xml)
INFO  2012-05-04 13:07:43,251 - Installing model item: ModifiedBy (\Entity Model\SalesLogix Application Entities\Product\ModifiedBy.filter.xml)
INFO  2012-05-04 13:07:43,486 - Successfully installed ModifiedBy (\Entity Model\SalesLogix Application Entities\Product\ModifiedBy.filter.xml)
INFO  2012-05-04 13:07:43,492 - Installing context item: Ticket (\Entity Model\SalesLogix Application Entities\Ticket\Ticket.TICKET.entity.xml)
INFO  2012-05-04 13:07:43,645 - Successfully installed Ticket (\Entity Model\SalesLogix Application Entities\Ticket\Ticket.TICKET.entity.xml)
INFO  2012-05-04 13:07:43,651 - Installing model item: InsertTicket (\Entity Model\SalesLogix Application Entities\Ticket\QuickForms\InsertTicket.main.quickform.xml)
INFO  2012-05-04 13:07:43,835 - Successfully installed InsertTicket (\Entity Model\SalesLogix Application Entities\Ticket\QuickForms\InsertTicket.main.quickform.xml)
INFO  2012-05-04 13:07:43,844 - Installing model item: TicketDetails (\Entity Model\SalesLogix Application Entities\Ticket\QuickForms\TicketDetails.main.quickform.xml)
INFO  2012-05-04 13:07:43,856 - Successfully installed TicketDetails (\Entity Model\SalesLogix Application Entities\Ticket\QuickForms\TicketDetails.main.quickform.xml)
INFO  2012-05-04 13:07:43,864 - Installing context item: SalesOrder (\Entity Model\SalesLogix Application Entities\SalesOrder\SalesOrder.SALESORDER.entity.xml)
INFO  2012-05-04 13:07:44,004 - Successfully installed SalesOrder (\Entity Model\SalesLogix Application Entities\SalesOrder\SalesOrder.SALESORDER.entity.xml)
INFO  2012-05-04 13:07:44,014 - Installing model item: SalesOrderDetails (\Entity Model\SalesLogix Application Entities\SalesOrder\QuickForms\SalesOrderDetails.main.quickform.xml)
INFO  2012-05-04 13:07:44,035 - Successfully installed SalesOrderDetails (\Entity Model\SalesLogix Application Entities\SalesOrder\QuickForms\SalesOrderDetails.main.quickform.xml)
INFO  2012-05-04 13:07:44,046 - Installing context item: Opportunity (\Entity Model\SalesLogix Application Entities\Opportunity\Opportunity.OPPORTUNITY.entity.xml)
INFO  2012-05-04 13:07:44,124 - Successfully installed Opportunity (\Entity Model\SalesLogix Application Entities\Opportunity\Opportunity.OPPORTUNITY.entity.xml)
INFO  2012-05-04 13:07:44,132 - Installing model item: EditSalesPotential (\Entity Model\SalesLogix Application Entities\Opportunity\QuickForms\EditSalesPotential.main.quickform.xml)
INFO  2012-05-04 13:07:44,150 - Successfully installed EditSalesPotential (\Entity Model\SalesLogix Application Entities\Opportunity\QuickForms\EditSalesPotential.main.quickform.xml)
INFO  2012-05-04 13:07:44,157 - Installing model item: OpportunityDetails (\Entity Model\SalesLogix Application Entities\Opportunity\QuickForms\OpportunityDetails.main.quickform.xml)
INFO  2012-05-04 13:07:44,170 - Successfully installed OpportunityDetails (\Entity Model\SalesLogix Application Entities\Opportunity\QuickForms\OpportunityDetails.main.quickform.xml)
INFO  2012-05-04 13:07:44,175 - Installing model item: OpportunityProducts (\Entity Model\SalesLogix Application Entities\Opportunity\QuickForms\OpportunityProducts.main.quickform.xml)
INFO  2012-05-04 13:07:44,186 - Successfully installed OpportunityProducts (\Entity Model\SalesLogix Application Entities\Opportunity\QuickForms\OpportunityProducts.main.quickform.xml)
INFO  2012-05-04 13:07:44,192 - Installing context item: Account (\Entity Model\SalesLogix Application Entities\Account\Account.ACCOUNT.entity.xml)
INFO  2012-05-04 13:07:44,358 - Successfully installed Account (\Entity Model\SalesLogix Application Entities\Account\Account.ACCOUNT.entity.xml)
INFO  2012-05-04 13:07:44,372 - Installing model item: AccountContacts (\Entity Model\SalesLogix Application Entities\Account\QuickForms\AccountContacts.main.quickform.xml)
INFO  2012-05-04 13:07:44,383 - Successfully installed AccountContacts (\Entity Model\SalesLogix Application Entities\Account\QuickForms\AccountContacts.main.quickform.xml)
INFO  2012-05-04 13:07:44,392 - Installing model item: AccountDetails (\Entity Model\SalesLogix Application Entities\Account\QuickForms\AccountDetails.main.quickform.xml)
INFO  2012-05-04 13:07:44,405 - Successfully installed AccountDetails (\Entity Model\SalesLogix Application Entities\Account\QuickForms\AccountDetails.main.quickform.xml)
INFO  2012-05-04 13:07:44,411 - Installing model item: ICAccountExtendedDetails (\Entity Model\SalesLogix Application Entities\Account\QuickForms\ICAccountExtendedDetails.main.quickform.xml)
INFO  2012-05-04 13:07:44,423 - Successfully installed ICAccountExtendedDetails (\Entity Model\SalesLogix Application Entities\Account\QuickForms\ICAccountExtendedDetails.main.quickform.xml)
INFO  2012-05-04 13:07:44,429 - Installing model item: InsertAccount (\Entity Model\SalesLogix Application Entities\Account\QuickForms\InsertAccount.main.quickform.xml)
INFO  2012-05-04 13:07:44,444 - Successfully installed InsertAccount (\Entity Model\SalesLogix Application Entities\Account\QuickForms\InsertAccount.main.quickform.xml)
INFO  2012-05-04 13:07:44,454 - Installing context item: Web Reporting Portal (\Portal\slxwebrpt\slxwebrpt.portal.xml)
INFO  2012-05-04 13:07:44,900 - Successfully installed Web Reporting Portal (\Portal\slxwebrpt\slxwebrpt.portal.xml)
INFO  2012-05-04 13:07:44,907 - Installing context item: SalesLogix Lead Capture (\Portal\SlxLeadCapture\SlxLeadCapture.portal.xml)
INFO  2012-05-04 13:07:45,122 - Successfully installed SalesLogix Lead Capture (\Portal\SlxLeadCapture\SlxLeadCapture.portal.xml)
INFO  2012-05-04 13:07:45,130 - Installing context item: Intellisync For SalesLogix (\Portal\SlxIntellisync\SlxIntellisync.portal.xml)
INFO  2012-05-04 13:07:45,263 - Successfully installed Intellisync For SalesLogix (\Portal\SlxIntellisync\SlxIntellisync.portal.xml)
INFO  2012-05-04 13:07:45,270 - Installing context item: Sage SalesLogix Customer Portal (\Portal\SLXCustomerPortal\SLXCustomerPortal.portal.xml)
INFO  2012-05-04 13:07:45,704 - Successfully installed Sage SalesLogix Customer Portal (\Portal\SLXCustomerPortal\SLXCustomerPortal.portal.xml)
INFO  2012-05-04 13:07:45,713 - Installing context item: Sage SalesLogix (\Portal\SlxClient\SlxClient.portal.xml)
INFO  2012-05-04 13:07:46,452 - Successfully installed Sage SalesLogix (\Portal\SlxClient\SlxClient.portal.xml)
INFO  2012-05-04 13:07:46,458 - Installing context item: SData Integration Host (\Portal\sdata\sdata.portal.xml)
INFO  2012-05-04 13:07:46,654 - Successfully installed SData Integration Host (\Portal\sdata\sdata.portal.xml)
INFO  2012-05-04 13:07:46,661 - Installing context item: Process Host Portal (\Portal\ProcessHost\ProcessHost.portal.xml)
INFO  2012-05-04 13:07:47,104 - Successfully installed Process Host Portal (\Portal\ProcessHost\ProcessHost.portal.xml)
INFO  2012-05-04 13:07:47,114 - Configuring installed items.
INFO  2012-05-04 13:07:47,123 - Configuring Web Reporting Portal...
INFO  2012-05-04 13:07:47,136 - Configuring SalesLogix Lead Capture...
INFO  2012-05-04 13:07:47,144 - Configuring Intellisync For SalesLogix...
INFO  2012-05-04 13:07:47,154 - Configuring Sage SalesLogix Customer Portal...
INFO  2012-05-04 13:07:47,164 - Configuring Sage SalesLogix...
INFO  2012-05-04 13:07:47,170 - Configuring SData Integration Host...
INFO  2012-05-04 13:07:47,177 - Configuring Process Host Portal...
INFO  2012-05-04 13:07:47,186 - Performing pre-commit to target project.
INFO  2012-05-04 13:07:47,544 - Committing items to target project...
INFO  2012-05-04 13:07:47,837 - Committing transactions...
INFO  2012-05-04 13:07:48,046 - Copying bundle manifest to project.
INFO  2012-05-04 13:07:50,587 - Install complete.
