1/13/2011 5:39:47 PM
INFO  2011-01-13 09:38:52,478 - Installing bundle...
INFO  2011-01-13 09:38:52,494 - Performing pre-install.
INFO  2011-01-13 09:38:52,494 - Installing context item: SalesLogix Application Entities (\Entity Model\SalesLogix Application Entities\SalesLogix Application Entities.T.package.xml)
INFO  2011-01-13 09:38:52,838 - Successfully installed SalesLogix Application Entities (\Entity Model\SalesLogix Application Entities\SalesLogix Application Entities.T.package.xml)
INFO  2011-01-13 09:38:52,853 - Installing context item: Package (\Entity Model\SalesLogix Application Entities\Package\Package.PACKAGES.entity.xml)
INFO  2011-01-13 09:38:57,869 - Successfully installed Package (\Entity Model\SalesLogix Application Entities\Package\Package.PACKAGES.entity.xml)
INFO  2011-01-13 09:38:57,885 - Installing model item: TicketActivity (\Entity Model\SalesLogix Application Entities\TicketActivity\TicketActivity.TICKETACTIVITY.entity.xml)
INFO  2011-01-13 09:39:00,369 - Successfully installed TicketActivity (\Entity Model\SalesLogix Application Entities\TicketActivity\TicketActivity.TICKETACTIVITY.entity.xml)
INFO  2011-01-13 09:39:00,369 - Installing model item: TicketHistory (\Entity Model\SalesLogix Application Entities\TicketHistory\TicketHistory.TICKETHISTORY.entity.xml)
INFO  2011-01-13 09:39:00,447 - Successfully installed TicketHistory (\Entity Model\SalesLogix Application Entities\TicketHistory\TicketHistory.TICKETHISTORY.entity.xml)
INFO  2011-01-13 09:39:00,478 - Installing context item: Web Reporting Portal (\Portal\slxwebrpt\slxwebrpt.portal.xml)
INFO  2011-01-13 09:39:03,244 - Successfully installed Web Reporting Portal (\Portal\slxwebrpt\slxwebrpt.portal.xml)
INFO  2011-01-13 09:39:03,260 - Installing context item: SalesLogix Lead Capture (\Portal\SlxLeadCapture\SlxLeadCapture.portal.xml)
INFO  2011-01-13 09:39:03,822 - Successfully installed SalesLogix Lead Capture (\Portal\SlxLeadCapture\SlxLeadCapture.portal.xml)
INFO  2011-01-13 09:39:03,822 - Installing context item: Intellisync For SalesLogix (\Portal\SlxIntellisync\SlxIntellisync.portal.xml)
INFO  2011-01-13 09:39:04,135 - Successfully installed Intellisync For SalesLogix (\Portal\SlxIntellisync\SlxIntellisync.portal.xml)
INFO  2011-01-13 09:39:04,135 - Installing context item: Sage SalesLogix Customer Portal (\Portal\SLXCustomerPortal\SLXCustomerPortal.portal.xml)
INFO  2011-01-13 09:39:06,072 - Successfully installed Sage SalesLogix Customer Portal (\Portal\SLXCustomerPortal\SLXCustomerPortal.portal.xml)
INFO  2011-01-13 09:39:06,088 - Installing context item: Sage SalesLogix (\Portal\SlxClient\SlxClient.portal.xml)
INFO  2011-01-13 09:39:11,291 - Successfully installed Sage SalesLogix (\Portal\SlxClient\SlxClient.portal.xml)
INFO  2011-01-13 09:39:11,307 - Installing context item: SData Integration Host (\Portal\sdata\sdata.portal.xml)
INFO  2011-01-13 09:39:12,635 - Successfully installed SData Integration Host (\Portal\sdata\sdata.portal.xml)
INFO  2011-01-13 09:39:12,650 - Installing context item: Process Host Portal (\Portal\ProcessHost\ProcessHost.portal.xml)
INFO  2011-01-13 09:39:13,229 - Successfully installed Process Host Portal (\Portal\ProcessHost\ProcessHost.portal.xml)
INFO  2011-01-13 09:39:13,244 - Configuring installed items.
INFO  2011-01-13 09:39:13,244 - Configuring Web Reporting Portal...
INFO  2011-01-13 09:39:13,260 - Configuring SalesLogix Lead Capture...
INFO  2011-01-13 09:39:13,260 - Configuring Intellisync For SalesLogix...
INFO  2011-01-13 09:39:13,260 - Configuring Sage SalesLogix Customer Portal...
INFO  2011-01-13 09:39:13,322 - Configuring Sage SalesLogix...
INFO  2011-01-13 09:39:13,322 - Configuring SData Integration Host...
INFO  2011-01-13 09:39:13,338 - Configuring Process Host Portal...
INFO  2011-01-13 09:39:13,338 - Performing pre-commit to target project.
INFO  2011-01-13 09:39:13,900 - Committing items to target project...
INFO  2011-01-13 09:39:44,823 - Committing transactions...
INFO  2011-01-13 09:39:46,807 - Copying bundle manifest to project.
INFO  2011-01-13 09:39:54,432 - Install complete.
