3/22/2011 4:00:44 AM
INFO  2011-03-21 22:00:13,179 - Installing bundle...
INFO  2011-03-21 22:00:13,226 - Performing pre-install.
INFO  2011-03-21 22:00:13,242 - Installing context item: SalesLogix Application Entities (\Entity Model\SalesLogix Application Entities\SalesLogix Application Entities.T.package.xml)
INFO  2011-03-21 22:00:13,336 - Successfully installed SalesLogix Application Entities (\Entity Model\SalesLogix Application Entities\SalesLogix Application Entities.T.package.xml)
INFO  2011-03-21 22:00:13,336 - Installing context item: Package (\Entity Model\SalesLogix Application Entities\Package\Package.PACKAGES.entity.xml)
INFO  2011-03-21 22:00:15,773 - Successfully installed Package (\Entity Model\SalesLogix Application Entities\Package\Package.PACKAGES.entity.xml)
INFO  2011-03-21 22:00:15,773 - Installing model item: TicketActivity (\Entity Model\SalesLogix Application Entities\TicketActivity\TicketActivity.TICKETACTIVITY.entity.xml)
INFO  2011-03-21 22:00:17,039 - Successfully installed TicketActivity (\Entity Model\SalesLogix Application Entities\TicketActivity\TicketActivity.TICKETACTIVITY.entity.xml)
INFO  2011-03-21 22:00:17,039 - Installing model item: TicketHistory (\Entity Model\SalesLogix Application Entities\TicketHistory\TicketHistory.TICKETHISTORY.entity.xml)
INFO  2011-03-21 22:00:17,086 - Successfully installed TicketHistory (\Entity Model\SalesLogix Application Entities\TicketHistory\TicketHistory.TICKETHISTORY.entity.xml)
INFO  2011-03-21 22:00:17,086 - Installing context item: Web Reporting Portal (\Portal\slxwebrpt\slxwebrpt.portal.xml)
INFO  2011-03-21 22:00:18,539 - Successfully installed Web Reporting Portal (\Portal\slxwebrpt\slxwebrpt.portal.xml)
INFO  2011-03-21 22:00:18,539 - Installing context item: SalesLogix Lead Capture (\Portal\SlxLeadCapture\SlxLeadCapture.portal.xml)
INFO  2011-03-21 22:00:18,914 - Successfully installed SalesLogix Lead Capture (\Portal\SlxLeadCapture\SlxLeadCapture.portal.xml)
INFO  2011-03-21 22:00:18,945 - Installing context item: Intellisync For SalesLogix (\Portal\SlxIntellisync\SlxIntellisync.portal.xml)
INFO  2011-03-21 22:00:19,523 - Successfully installed Intellisync For SalesLogix (\Portal\SlxIntellisync\SlxIntellisync.portal.xml)
INFO  2011-03-21 22:00:19,554 - Installing context item: Sage SalesLogix Customer Portal (\Portal\SLXCustomerPortal\SLXCustomerPortal.portal.xml)
INFO  2011-03-21 22:00:20,211 - Successfully installed Sage SalesLogix Customer Portal (\Portal\SLXCustomerPortal\SLXCustomerPortal.portal.xml)
INFO  2011-03-21 22:00:20,211 - Installing context item: Sage SalesLogix (\Portal\SlxClient\SlxClient.portal.xml)
INFO  2011-03-21 22:00:31,336 - Successfully installed Sage SalesLogix (\Portal\SlxClient\SlxClient.portal.xml)
INFO  2011-03-21 22:00:31,367 - Installing context item: SData Integration Host (\Portal\sdata\sdata.portal.xml)
INFO  2011-03-21 22:00:34,836 - Successfully installed SData Integration Host (\Portal\sdata\sdata.portal.xml)
INFO  2011-03-21 22:00:34,898 - Installing context item: Process Host Portal (\Portal\ProcessHost\ProcessHost.portal.xml)
INFO  2011-03-21 22:00:35,929 - Successfully installed Process Host Portal (\Portal\ProcessHost\ProcessHost.portal.xml)
INFO  2011-03-21 22:00:36,023 - Configuring installed items.
INFO  2011-03-21 22:00:36,101 - Configuring Web Reporting Portal...
INFO  2011-03-21 22:00:36,289 - Configuring SalesLogix Lead Capture...
INFO  2011-03-21 22:00:36,351 - Configuring Intellisync For SalesLogix...
INFO  2011-03-21 22:00:36,429 - Configuring Sage SalesLogix Customer Portal...
INFO  2011-03-21 22:00:36,523 - Configuring Sage SalesLogix...
INFO  2011-03-21 22:00:36,617 - Configuring SData Integration Host...
INFO  2011-03-21 22:00:36,664 - Configuring Process Host Portal...
INFO  2011-03-21 22:00:36,726 - Performing pre-commit to target project.
INFO  2011-03-21 22:00:40,523 - Committing items to target project...
INFO  2011-03-21 22:00:43,445 - Committing transactions...
INFO  2011-03-21 22:00:44,257 - Copying bundle manifest to project.
INFO  2011-03-21 22:00:49,992 - Install complete.
