4/16/2013 2:01:54 PM
INFO  2013-04-16 08:01:47,463 - Installing bundle...
INFO  2013-04-16 08:01:47,466 - Performing pre-install.
INFO  2013-04-16 08:01:47,468 - Installing context item: SData Integration Host (\Portal\sdata\sdata.cabsvc.ptl.xml)
INFO  2013-04-16 08:01:47,475 - Successfully installed SData Integration Host (\Portal\sdata\sdata.cabsvc.ptl.xml)
INFO  2013-04-16 08:01:47,477 - Installing context item: Sage SalesLogix (\Portal\SlxClient\SlxClient.cabapp.ptl.xml)
INFO  2013-04-16 08:01:47,513 - Successfully installed Sage SalesLogix (\Portal\SlxClient\SlxClient.cabapp.ptl.xml)
INFO  2013-04-16 08:01:47,519 - Installing context item: Sage SalesLogix Customer Portal (\Portal\SLXCustomerPortal\SLXCustomerPortal.cabapp.ptl.xml)
INFO  2013-04-16 08:01:47,526 - Successfully installed Sage SalesLogix Customer Portal (\Portal\SLXCustomerPortal\SLXCustomerPortal.cabapp.ptl.xml)
INFO  2013-04-16 08:01:47,529 - Installing context item: SalesLogix Application Entities (\Entity Model\SalesLogix Application Entities\SalesLogix Application Entities.T.package.xml)
INFO  2013-04-16 08:01:47,562 - Successfully installed SalesLogix Application Entities (\Entity Model\SalesLogix Application Entities\SalesLogix Application Entities.T.package.xml)
INFO  2013-04-16 08:01:47,566 - Installing context item: Lead (\Entity Model\SalesLogix Application Entities\Lead\Lead.LEAD.entity.xml)
INFO  2013-04-16 08:01:47,647 - Successfully installed Lead (\Entity Model\SalesLogix Application Entities\Lead\Lead.LEAD.entity.xml)
INFO  2013-04-16 08:01:47,672 - Installing model item: InsertLead (\Entity Model\SalesLogix Application Entities\Lead\QuickForms\InsertLead.main.quickform.xml)
INFO  2013-04-16 08:01:47,875 - Successfully installed InsertLead (\Entity Model\SalesLogix Application Entities\Lead\QuickForms\InsertLead.main.quickform.xml)
INFO  2013-04-16 08:01:47,879 - Installing context item: Opportunity (\Entity Model\SalesLogix Application Entities\Opportunity\Opportunity.OPPORTUNITY.entity.xml)
INFO  2013-04-16 08:01:47,928 - Successfully installed Opportunity (\Entity Model\SalesLogix Application Entities\Opportunity\Opportunity.OPPORTUNITY.entity.xml)
INFO  2013-04-16 08:01:47,933 - Installing model item: OpportunityProducts (\Entity Model\SalesLogix Application Entities\Opportunity\QuickForms\OpportunityProducts.main.quickform.xml)
INFO  2013-04-16 08:01:47,956 - Successfully installed OpportunityProducts (\Entity Model\SalesLogix Application Entities\Opportunity\QuickForms\OpportunityProducts.main.quickform.xml)
INFO  2013-04-16 08:01:47,961 - Installing context item: SalesOrder (\Entity Model\SalesLogix Application Entities\SalesOrder\SalesOrder.SALESORDER.entity.xml)
INFO  2013-04-16 08:01:48,020 - Successfully installed SalesOrder (\Entity Model\SalesLogix Application Entities\SalesOrder\SalesOrder.SALESORDER.entity.xml)
INFO  2013-04-16 08:01:48,027 - Installing model item: SalesOrderProducts (\Entity Model\SalesLogix Application Entities\SalesOrder\QuickForms\SalesOrderProducts.main.quickform.xml)
INFO  2013-04-16 08:01:48,053 - Successfully installed SalesOrderProducts (\Entity Model\SalesLogix Application Entities\SalesOrder\QuickForms\SalesOrderProducts.main.quickform.xml)
INFO  2013-04-16 08:01:48,062 - Installing context item: SData Integration Host (\Portal\sdata\sdata.cabsvc.ptl.xml)
INFO  2013-04-16 08:01:48,067 - Successfully installed SData Integration Host (\Portal\sdata\sdata.cabsvc.ptl.xml)
INFO  2013-04-16 08:01:48,073 - Installing context item: Sage SalesLogix (\Portal\SlxClient\SlxClient.cabapp.ptl.xml)
INFO  2013-04-16 08:01:48,078 - Successfully installed Sage SalesLogix (\Portal\SlxClient\SlxClient.cabapp.ptl.xml)
INFO  2013-04-16 08:01:48,083 - Installing context item: Sage SalesLogix Customer Portal (\Portal\SLXCustomerPortal\SLXCustomerPortal.cabapp.ptl.xml)
INFO  2013-04-16 08:01:48,100 - Successfully installed Sage SalesLogix Customer Portal (\Portal\SLXCustomerPortal\SLXCustomerPortal.cabapp.ptl.xml)
INFO  2013-04-16 08:01:48,105 - Installing context item: SalesLogix Application Entities (\Entity Model\SalesLogix Application Entities\SalesLogix Application Entities.T.package.xml)
INFO  2013-04-16 08:01:48,111 - Successfully installed SalesLogix Application Entities (\Entity Model\SalesLogix Application Entities\SalesLogix Application Entities.T.package.xml)
INFO  2013-04-16 08:01:48,116 - Installing context item: Lead (\Entity Model\SalesLogix Application Entities\Lead\Lead.LEAD.entity.xml)
INFO  2013-04-16 08:01:52,950 - Successfully installed Lead (\Entity Model\SalesLogix Application Entities\Lead\Lead.LEAD.entity.xml)
INFO  2013-04-16 08:01:52,959 - Installing model item: InsertLead (\Entity Model\SalesLogix Application Entities\Lead\QuickForms\InsertLead.main.quickform.xml)
INFO  2013-04-16 08:01:52,964 - Successfully installed InsertLead (\Entity Model\SalesLogix Application Entities\Lead\QuickForms\InsertLead.main.quickform.xml)
INFO  2013-04-16 08:01:52,970 - Installing context item: Opportunity (\Entity Model\SalesLogix Application Entities\Opportunity\Opportunity.OPPORTUNITY.entity.xml)
INFO  2013-04-16 08:01:53,129 - Successfully installed Opportunity (\Entity Model\SalesLogix Application Entities\Opportunity\Opportunity.OPPORTUNITY.entity.xml)
INFO  2013-04-16 08:01:53,154 - Installing model item: OpportunityProducts (\Entity Model\SalesLogix Application Entities\Opportunity\QuickForms\OpportunityProducts.main.quickform.xml)
INFO  2013-04-16 08:01:53,160 - Successfully installed OpportunityProducts (\Entity Model\SalesLogix Application Entities\Opportunity\QuickForms\OpportunityProducts.main.quickform.xml)
INFO  2013-04-16 08:01:53,165 - Installing context item: SalesOrder (\Entity Model\SalesLogix Application Entities\SalesOrder\SalesOrder.SALESORDER.entity.xml)
INFO  2013-04-16 08:01:53,347 - Successfully installed SalesOrder (\Entity Model\SalesLogix Application Entities\SalesOrder\SalesOrder.SALESORDER.entity.xml)
INFO  2013-04-16 08:01:53,353 - Installing model item: SalesOrderProducts (\Entity Model\SalesLogix Application Entities\SalesOrder\QuickForms\SalesOrderProducts.main.quickform.xml)
INFO  2013-04-16 08:01:53,358 - Successfully installed SalesOrderProducts (\Entity Model\SalesLogix Application Entities\SalesOrder\QuickForms\SalesOrderProducts.main.quickform.xml)
INFO  2013-04-16 08:01:53,364 - Configuring installed items.
INFO  2013-04-16 08:01:53,369 - Configuring SData Integration Host...
INFO  2013-04-16 08:01:53,376 - Configuring Sage SalesLogix...
INFO  2013-04-16 08:01:53,383 - Configuring Sage SalesLogix Customer Portal...
INFO  2013-04-16 08:01:53,390 - Performing pre-commit to target project.
INFO  2013-04-16 08:01:53,520 - Committing items to target project...
INFO  2013-04-16 08:01:53,567 - Committing transactions...
INFO  2013-04-16 08:01:54,381 - Copying bundle manifest to project.
INFO  2013-04-16 08:01:55,754 - Install complete.
