5/4/2012 5:14:22 PM
INFO  2012-05-04 13:14:15,520 - Installing bundle...
INFO  2012-05-04 13:14:15,557 - Performing pre-install.
INFO  2012-05-04 13:14:15,568 - Installing context item: Web Reporting Portal (\Portal\slxwebrpt\slxwebrpt.portal.xml)
INFO  2012-05-04 13:14:16,131 - Successfully installed Web Reporting Portal (\Portal\slxwebrpt\slxwebrpt.portal.xml)
INFO  2012-05-04 13:14:16,141 - Installing context item: SalesLogix Lead Capture (\Portal\SlxLeadCapture\SlxLeadCapture.portal.xml)
INFO  2012-05-04 13:14:16,275 - Successfully installed SalesLogix Lead Capture (\Portal\SlxLeadCapture\SlxLeadCapture.portal.xml)
INFO  2012-05-04 13:14:16,284 - Installing context item: Intellisync For SalesLogix (\Portal\SlxIntellisync\SlxIntellisync.portal.xml)
INFO  2012-05-04 13:14:16,387 - Successfully installed Intellisync For SalesLogix (\Portal\SlxIntellisync\SlxIntellisync.portal.xml)
INFO  2012-05-04 13:14:16,392 - Installing context item: Sage SalesLogix Customer Portal (\Portal\SLXCustomerPortal\SLXCustomerPortal.portal.xml)
INFO  2012-05-04 13:14:16,565 - Successfully installed Sage SalesLogix Customer Portal (\Portal\SLXCustomerPortal\SLXCustomerPortal.portal.xml)
INFO  2012-05-04 13:14:16,571 - Installing context item: Sage SalesLogix (\Portal\SlxClient\SlxClient.portal.xml)
INFO  2012-05-04 13:14:17,042 - Successfully installed Sage SalesLogix (\Portal\SlxClient\SlxClient.portal.xml)
INFO  2012-05-04 13:14:17,047 - Installing context item: SData Integration Host (\Portal\sdata\sdata.portal.xml)
INFO  2012-05-04 13:14:17,176 - Successfully installed SData Integration Host (\Portal\sdata\sdata.portal.xml)
INFO  2012-05-04 13:14:17,184 - Installing context item: Process Host Portal (\Portal\ProcessHost\ProcessHost.portal.xml)
INFO  2012-05-04 13:14:17,282 - Successfully installed Process Host Portal (\Portal\ProcessHost\ProcessHost.portal.xml)
INFO  2012-05-04 13:14:17,290 - Installing context item: SalesLogix Contract Sync Entities (\Entity Model\SalesLogix Contract Sync Entities\SalesLogix Contract Sync Entities.T.package.xml)
INFO  2012-05-04 13:14:17,594 - Successfully installed SalesLogix Contract Sync Entities (\Entity Model\SalesLogix Contract Sync Entities\SalesLogix Contract Sync Entities.T.package.xml)
INFO  2012-05-04 13:14:17,600 - Installing context item: AppIdMapping (\Entity Model\SalesLogix Contract Sync Entities\AppIdMapping\AppIdMapping.APPIDMAPPING.entity.xml)
INFO  2012-05-04 13:14:20,131 - Successfully installed AppIdMapping (\Entity Model\SalesLogix Contract Sync Entities\AppIdMapping\AppIdMapping.APPIDMAPPING.entity.xml)
INFO  2012-05-04 13:14:20,137 - Installing model item: AccountingSystems (\Entity Model\SalesLogix Contract Sync Entities\AppIdMapping\QuickForms\AccountingSystems.main.quickform.xml)
INFO  2012-05-04 13:14:20,418 - Successfully installed AccountingSystems (\Entity Model\SalesLogix Contract Sync Entities\AppIdMapping\QuickForms\AccountingSystems.main.quickform.xml)
INFO  2012-05-04 13:14:20,430 - Installing context item: SalesLogix Application Entities (\Entity Model\SalesLogix Application Entities\SalesLogix Application Entities.T.package.xml)
INFO  2012-05-04 13:14:20,446 - Successfully installed SalesLogix Application Entities (\Entity Model\SalesLogix Application Entities\SalesLogix Application Entities.T.package.xml)
INFO  2012-05-04 13:14:20,454 - Installing context item: Account (\Entity Model\SalesLogix Application Entities\Account\Account.ACCOUNT.entity.xml)
INFO  2012-05-04 13:14:21,799 - Successfully installed Account (\Entity Model\SalesLogix Application Entities\Account\Account.ACCOUNT.entity.xml)
INFO  2012-05-04 13:14:21,813 - Installing model item: ICAccounting (\Entity Model\SalesLogix Application Entities\Account\QuickForms\ICAccounting.main.quickform.xml)
INFO  2012-05-04 13:14:21,827 - Successfully installed ICAccounting (\Entity Model\SalesLogix Application Entities\Account\QuickForms\ICAccounting.main.quickform.xml)
INFO  2012-05-04 13:14:21,839 - Configuring installed items.
INFO  2012-05-04 13:14:21,849 - Configuring Web Reporting Portal...
INFO  2012-05-04 13:14:21,859 - Configuring SalesLogix Lead Capture...
INFO  2012-05-04 13:14:21,869 - Configuring Intellisync For SalesLogix...
INFO  2012-05-04 13:14:21,879 - Configuring Sage SalesLogix Customer Portal...
INFO  2012-05-04 13:14:21,887 - Configuring Sage SalesLogix...
INFO  2012-05-04 13:14:21,899 - Configuring SData Integration Host...
INFO  2012-05-04 13:14:21,907 - Configuring Process Host Portal...
INFO  2012-05-04 13:14:21,916 - Performing pre-commit to target project.
INFO  2012-05-04 13:14:22,304 - Committing items to target project...
INFO  2012-05-04 13:14:22,417 - Committing transactions...
INFO  2012-05-04 13:14:22,601 - Copying bundle manifest to project.
INFO  2012-05-04 13:14:25,043 - Install complete.
