4/16/2013 2:06:51 PM
INFO  2013-04-16 08:06:42,921 - Installing bundle...
INFO  2013-04-16 08:06:42,925 - Performing pre-install.
INFO  2013-04-16 08:06:42,927 - Installing context item: SalesLogix Activity Support (\Entity Model\SalesLogix Activity Support\SalesLogix Activity Support.T.package.xml)
INFO  2013-04-16 08:06:42,930 - Successfully installed SalesLogix Activity Support (\Entity Model\SalesLogix Activity Support\SalesLogix Activity Support.T.package.xml)
INFO  2013-04-16 08:06:42,934 - Installing model item: UserNotification (\Entity Model\SalesLogix Activity Support\UserNotification\UserNotification.USERNOTIFICATION.entity.xml)
INFO  2013-04-16 08:06:44,454 - Successfully installed UserNotification (\Entity Model\SalesLogix Activity Support\UserNotification\UserNotification.USERNOTIFICATION.entity.xml)
INFO  2013-04-16 08:06:44,458 - Installing context item: SalesLogix Application Entities (\Entity Model\SalesLogix Application Entities\SalesLogix Application Entities.T.package.xml)
INFO  2013-04-16 08:06:44,462 - Successfully installed SalesLogix Application Entities (\Entity Model\SalesLogix Application Entities\SalesLogix Application Entities.T.package.xml)
INFO  2013-04-16 08:06:44,465 - Installing model item: SalesProcessAudit (\Entity Model\SalesLogix Application Entities\SalesProcessAudit\SalesProcessAudit.SALESPROCESSAUDIT.entity.xml)
INFO  2013-04-16 08:06:44,617 - Successfully installed SalesProcessAudit (\Entity Model\SalesLogix Application Entities\SalesProcessAudit\SalesProcessAudit.SALESPROCESSAUDIT.entity.xml)
INFO  2013-04-16 08:06:44,621 - Installing model item: SalesProcesses (\Entity Model\SalesLogix Application Entities\SalesProcesses\SalesProcesses.SALESPROCESSES.entity.xml)
INFO  2013-04-16 08:06:44,677 - Successfully installed SalesProcesses (\Entity Model\SalesLogix Application Entities\SalesProcesses\SalesProcesses.SALESPROCESSES.entity.xml)
INFO  2013-04-16 08:06:44,681 - Installing context item: Account (\Entity Model\SalesLogix Application Entities\Account\Account.ACCOUNT.entity.xml)
INFO  2013-04-16 08:06:44,754 - Successfully installed Account (\Entity Model\SalesLogix Application Entities\Account\Account.ACCOUNT.entity.xml)
INFO  2013-04-16 08:06:44,759 - Installing model item: InsertAccount (\Entity Model\SalesLogix Application Entities\Account\QuickForms\InsertAccount.main.quickform.xml)
INFO  2013-04-16 08:06:44,833 - Successfully installed InsertAccount (\Entity Model\SalesLogix Application Entities\Account\QuickForms\InsertAccount.main.quickform.xml)
INFO  2013-04-16 08:06:44,838 - Installing context item: Contact (\Entity Model\SalesLogix Application Entities\Contact\Contact.CONTACT.entity.xml)
INFO  2013-04-16 08:06:44,919 - Successfully installed Contact (\Entity Model\SalesLogix Application Entities\Contact\Contact.CONTACT.entity.xml)
INFO  2013-04-16 08:06:44,925 - Installing model item: SelectAccountAddress (\Entity Model\SalesLogix Application Entities\Contact\QuickForms\SelectAccountAddress.main.quickform.xml)
INFO  2013-04-16 08:06:44,941 - Successfully installed SelectAccountAddress (\Entity Model\SalesLogix Application Entities\Contact\QuickForms\SelectAccountAddress.main.quickform.xml)
INFO  2013-04-16 08:06:44,947 - Installing context item: Lead (\Entity Model\SalesLogix Application Entities\Lead\Lead.LEAD.entity.xml)
INFO  2013-04-16 08:06:45,006 - Successfully installed Lead (\Entity Model\SalesLogix Application Entities\Lead\Lead.LEAD.entity.xml)
INFO  2013-04-16 08:06:45,013 - Installing model item: InsertLead (\Entity Model\SalesLogix Application Entities\Lead\QuickForms\InsertLead.main.quickform.xml)
INFO  2013-04-16 08:06:45,030 - Successfully installed InsertLead (\Entity Model\SalesLogix Application Entities\Lead\QuickForms\InsertLead.main.quickform.xml)
INFO  2013-04-16 08:06:45,039 - Installing context item: Opportunity (\Entity Model\SalesLogix Application Entities\Opportunity\Opportunity.OPPORTUNITY.entity.xml)
INFO  2013-04-16 08:06:45,091 - Successfully installed Opportunity (\Entity Model\SalesLogix Application Entities\Opportunity\Opportunity.OPPORTUNITY.entity.xml)
INFO  2013-04-16 08:06:45,097 - Installing model item: OpportunityProducts (\Entity Model\SalesLogix Application Entities\Opportunity\QuickForms\OpportunityProducts.main.quickform.xml)
INFO  2013-04-16 08:06:45,121 - Successfully installed OpportunityProducts (\Entity Model\SalesLogix Application Entities\Opportunity\QuickForms\OpportunityProducts.main.quickform.xml)
INFO  2013-04-16 08:06:45,139 - Installing context item: SalesOrder (\Entity Model\SalesLogix Application Entities\SalesOrder\SalesOrder.SALESORDER.entity.xml)
INFO  2013-04-16 08:06:45,190 - Successfully installed SalesOrder (\Entity Model\SalesLogix Application Entities\SalesOrder\SalesOrder.SALESORDER.entity.xml)
INFO  2013-04-16 08:06:45,196 - Installing model item: SalesOrderProducts (\Entity Model\SalesLogix Application Entities\SalesOrder\QuickForms\SalesOrderProducts.main.quickform.xml)
INFO  2013-04-16 08:06:45,215 - Successfully installed SalesOrderProducts (\Entity Model\SalesLogix Application Entities\SalesOrder\QuickForms\SalesOrderProducts.main.quickform.xml)
INFO  2013-04-16 08:06:45,222 - Installing context item: SData Integration Host (\Portal\sdata\sdata.cabsvc.ptl.xml)
INFO  2013-04-16 08:06:45,234 - Successfully installed SData Integration Host (\Portal\sdata\sdata.cabsvc.ptl.xml)
INFO  2013-04-16 08:06:45,239 - Installing context item: Sage SalesLogix (\Portal\SlxClient\SlxClient.cabapp.ptl.xml)
INFO  2013-04-16 08:06:45,647 - Successfully installed Sage SalesLogix (\Portal\SlxClient\SlxClient.cabapp.ptl.xml)
INFO  2013-04-16 08:06:45,653 - Installing context item: Sage SalesLogix Customer Portal (\Portal\SLXCustomerPortal\SLXCustomerPortal.cabapp.ptl.xml)
INFO  2013-04-16 08:06:45,688 - Successfully installed Sage SalesLogix Customer Portal (\Portal\SLXCustomerPortal\SLXCustomerPortal.cabapp.ptl.xml)
INFO  2013-04-16 08:06:45,694 - Installing context item: SalesLogix Activity Support (\Entity Model\SalesLogix Activity Support\SalesLogix Activity Support.T.package.xml)
INFO  2013-04-16 08:06:45,701 - Successfully installed SalesLogix Activity Support (\Entity Model\SalesLogix Activity Support\SalesLogix Activity Support.T.package.xml)
INFO  2013-04-16 08:06:45,706 - Installing model item: UserNotification (\Entity Model\SalesLogix Activity Support\UserNotification\UserNotification.USERNOTIFICATION.entity.xml)
INFO  2013-04-16 08:06:49,734 - Successfully installed UserNotification (\Entity Model\SalesLogix Activity Support\UserNotification\UserNotification.USERNOTIFICATION.entity.xml)
INFO  2013-04-16 08:06:49,740 - Installing context item: SalesLogix Application Entities (\Entity Model\SalesLogix Application Entities\SalesLogix Application Entities.T.package.xml)
INFO  2013-04-16 08:06:49,746 - Successfully installed SalesLogix Application Entities (\Entity Model\SalesLogix Application Entities\SalesLogix Application Entities.T.package.xml)
INFO  2013-04-16 08:06:49,752 - Installing model item: SalesProcessAudit (\Entity Model\SalesLogix Application Entities\SalesProcessAudit\SalesProcessAudit.SALESPROCESSAUDIT.entity.xml)
INFO  2013-04-16 08:06:49,831 - Successfully installed SalesProcessAudit (\Entity Model\SalesLogix Application Entities\SalesProcessAudit\SalesProcessAudit.SALESPROCESSAUDIT.entity.xml)
INFO  2013-04-16 08:06:49,837 - Installing model item: SalesProcesses (\Entity Model\SalesLogix Application Entities\SalesProcesses\SalesProcesses.SALESPROCESSES.entity.xml)
INFO  2013-04-16 08:06:49,916 - Successfully installed SalesProcesses (\Entity Model\SalesLogix Application Entities\SalesProcesses\SalesProcesses.SALESPROCESSES.entity.xml)
INFO  2013-04-16 08:06:49,929 - Installing context item: Account (\Entity Model\SalesLogix Application Entities\Account\Account.ACCOUNT.entity.xml)
INFO  2013-04-16 08:06:50,191 - Successfully installed Account (\Entity Model\SalesLogix Application Entities\Account\Account.ACCOUNT.entity.xml)
INFO  2013-04-16 08:06:50,197 - Installing model item: InsertAccount (\Entity Model\SalesLogix Application Entities\Account\QuickForms\InsertAccount.main.quickform.xml)
INFO  2013-04-16 08:06:50,203 - Successfully installed InsertAccount (\Entity Model\SalesLogix Application Entities\Account\QuickForms\InsertAccount.main.quickform.xml)
INFO  2013-04-16 08:06:50,209 - Installing context item: Contact (\Entity Model\SalesLogix Application Entities\Contact\Contact.CONTACT.entity.xml)
INFO  2013-04-16 08:06:50,334 - Successfully installed Contact (\Entity Model\SalesLogix Application Entities\Contact\Contact.CONTACT.entity.xml)
INFO  2013-04-16 08:06:50,341 - Installing model item: SelectAccountAddress (\Entity Model\SalesLogix Application Entities\Contact\QuickForms\SelectAccountAddress.main.quickform.xml)
INFO  2013-04-16 08:06:50,346 - Successfully installed SelectAccountAddress (\Entity Model\SalesLogix Application Entities\Contact\QuickForms\SelectAccountAddress.main.quickform.xml)
INFO  2013-04-16 08:06:50,353 - Installing context item: Lead (\Entity Model\SalesLogix Application Entities\Lead\Lead.LEAD.entity.xml)
INFO  2013-04-16 08:06:50,454 - Successfully installed Lead (\Entity Model\SalesLogix Application Entities\Lead\Lead.LEAD.entity.xml)
INFO  2013-04-16 08:06:50,460 - Installing model item: InsertLead (\Entity Model\SalesLogix Application Entities\Lead\QuickForms\InsertLead.main.quickform.xml)
INFO  2013-04-16 08:06:50,466 - Successfully installed InsertLead (\Entity Model\SalesLogix Application Entities\Lead\QuickForms\InsertLead.main.quickform.xml)
INFO  2013-04-16 08:06:50,473 - Installing context item: Opportunity (\Entity Model\SalesLogix Application Entities\Opportunity\Opportunity.OPPORTUNITY.entity.xml)
INFO  2013-04-16 08:06:50,570 - Successfully installed Opportunity (\Entity Model\SalesLogix Application Entities\Opportunity\Opportunity.OPPORTUNITY.entity.xml)
INFO  2013-04-16 08:06:50,576 - Installing model item: OpportunityProducts (\Entity Model\SalesLogix Application Entities\Opportunity\QuickForms\OpportunityProducts.main.quickform.xml)
INFO  2013-04-16 08:06:50,582 - Successfully installed OpportunityProducts (\Entity Model\SalesLogix Application Entities\Opportunity\QuickForms\OpportunityProducts.main.quickform.xml)
INFO  2013-04-16 08:06:50,588 - Installing context item: SalesOrder (\Entity Model\SalesLogix Application Entities\SalesOrder\SalesOrder.SALESORDER.entity.xml)
INFO  2013-04-16 08:06:50,739 - Successfully installed SalesOrder (\Entity Model\SalesLogix Application Entities\SalesOrder\SalesOrder.SALESORDER.entity.xml)
INFO  2013-04-16 08:06:50,745 - Installing model item: SalesOrderProducts (\Entity Model\SalesLogix Application Entities\SalesOrder\QuickForms\SalesOrderProducts.main.quickform.xml)
INFO  2013-04-16 08:06:50,751 - Successfully installed SalesOrderProducts (\Entity Model\SalesLogix Application Entities\SalesOrder\QuickForms\SalesOrderProducts.main.quickform.xml)
INFO  2013-04-16 08:06:50,758 - Installing context item: SData Integration Host (\Portal\sdata\sdata.cabsvc.ptl.xml)
INFO  2013-04-16 08:06:50,764 - Successfully installed SData Integration Host (\Portal\sdata\sdata.cabsvc.ptl.xml)
INFO  2013-04-16 08:06:50,770 - Installing context item: Sage SalesLogix (\Portal\SlxClient\SlxClient.cabapp.ptl.xml)
INFO  2013-04-16 08:06:50,776 - Successfully installed Sage SalesLogix (\Portal\SlxClient\SlxClient.cabapp.ptl.xml)
INFO  2013-04-16 08:06:50,787 - Installing context item: Sage SalesLogix Customer Portal (\Portal\SLXCustomerPortal\SLXCustomerPortal.cabapp.ptl.xml)
INFO  2013-04-16 08:06:50,794 - Successfully installed Sage SalesLogix Customer Portal (\Portal\SLXCustomerPortal\SLXCustomerPortal.cabapp.ptl.xml)
INFO  2013-04-16 08:06:50,800 - Configuring installed items.
INFO  2013-04-16 08:06:50,806 - Configuring SData Integration Host...
INFO  2013-04-16 08:06:50,813 - Configuring Sage SalesLogix...
INFO  2013-04-16 08:06:50,820 - Configuring Sage SalesLogix Customer Portal...
INFO  2013-04-16 08:06:50,836 - Performing pre-commit to target project.
INFO  2013-04-16 08:06:50,922 - Committing items to target project...
INFO  2013-04-16 08:06:51,051 - Committing transactions...
INFO  2013-04-16 08:06:51,797 - Copying bundle manifest to project.
INFO  2013-04-16 08:06:53,277 - Install complete.
