1/13/2011 10:29:41 PM
INFO  2011-01-13 14:28:13,898 - Installing bundle...
INFO  2011-01-13 14:28:13,961 - Performing pre-install.
INFO  2011-01-13 14:28:13,961 - Installing context item: SalesLogix Activity Support (\Entity Model\SalesLogix Activity Support\SalesLogix Activity Support.T.package.xml)
INFO  2011-01-13 14:28:13,976 - Successfully installed SalesLogix Activity Support (\Entity Model\SalesLogix Activity Support\SalesLogix Activity Support.T.package.xml)
INFO  2011-01-13 14:28:13,976 - Installing model item: ResourceList (\Entity Model\SalesLogix Activity Support\ResourceList\ResourceList.RESOURCELIST.entity.xml)
INFO  2011-01-13 14:28:14,711 - Successfully installed ResourceList (\Entity Model\SalesLogix Activity Support\ResourceList\ResourceList.RESOURCELIST.entity.xml)
INFO  2011-01-13 14:28:14,726 - Installing model item: ValidateResource (\Entity Model\SalesLogix Activity Support\ResourceList\ValidateResource.method.xml)
INFO  2011-01-13 14:28:15,945 - Successfully installed ValidateResource (\Entity Model\SalesLogix Activity Support\ResourceList\ValidateResource.method.xml)
INFO  2011-01-13 14:28:15,945 - Installing item: ValidateResource (\Entity Model\SalesLogix Activity Support\ResourceList\ValidateResource.method.xml::Primary Steps::ValidateResource)
INFO  2011-01-13 14:28:15,945 - Successfully installed ValidateResource (\Entity Model\SalesLogix Activity Support\ResourceList\ValidateResource.method.xml::Primary Steps::ValidateResource)
INFO  2011-01-13 14:28:15,945 - Installing model item: OnAfterDelete (\Entity Model\SalesLogix Activity Support\ResourceList\OnAfterDelete.method.xml)
INFO  2011-01-13 14:28:15,961 - Successfully installed OnAfterDelete (\Entity Model\SalesLogix Activity Support\ResourceList\OnAfterDelete.method.xml)
INFO  2011-01-13 14:28:15,961 - Installing model item: OnAfterInsert (\Entity Model\SalesLogix Activity Support\ResourceList\OnAfterInsert.method.xml)
INFO  2011-01-13 14:28:15,992 - Successfully installed OnAfterInsert (\Entity Model\SalesLogix Activity Support\ResourceList\OnAfterInsert.method.xml)
INFO  2011-01-13 14:28:15,992 - Installing model item: OnAfterUpdate (\Entity Model\SalesLogix Activity Support\ResourceList\OnAfterUpdate.method.xml)
INFO  2011-01-13 14:28:16,117 - Successfully installed OnAfterUpdate (\Entity Model\SalesLogix Activity Support\ResourceList\OnAfterUpdate.method.xml)
INFO  2011-01-13 14:28:16,117 - Installing model item: OnBeforeDelete (\Entity Model\SalesLogix Activity Support\ResourceList\OnBeforeDelete.method.xml)
INFO  2011-01-13 14:28:16,211 - Successfully installed OnBeforeDelete (\Entity Model\SalesLogix Activity Support\ResourceList\OnBeforeDelete.method.xml)
INFO  2011-01-13 14:28:16,226 - Installing model item: OnBeforeInsert (\Entity Model\SalesLogix Activity Support\ResourceList\OnBeforeInsert.method.xml)
INFO  2011-01-13 14:28:16,226 - Successfully installed OnBeforeInsert (\Entity Model\SalesLogix Activity Support\ResourceList\OnBeforeInsert.method.xml)
INFO  2011-01-13 14:28:16,242 - Installing item: OnBeforeInsert (\Entity Model\SalesLogix Activity Support\ResourceList\OnBeforeInsert.method.xml::Primary Steps::OnBeforeInsert)
INFO  2011-01-13 14:28:16,304 - Successfully installed OnBeforeInsert (\Entity Model\SalesLogix Activity Support\ResourceList\OnBeforeInsert.method.xml::Primary Steps::OnBeforeInsert)
INFO  2011-01-13 14:28:16,304 - Installing model item: OnBeforeUpdate (\Entity Model\SalesLogix Activity Support\ResourceList\OnBeforeUpdate.method.xml)
INFO  2011-01-13 14:28:16,398 - Successfully installed OnBeforeUpdate (\Entity Model\SalesLogix Activity Support\ResourceList\OnBeforeUpdate.method.xml)
INFO  2011-01-13 14:28:16,398 - Installing item: OnBeforeUpdate (\Entity Model\SalesLogix Activity Support\ResourceList\OnBeforeUpdate.method.xml::Primary Steps::OnBeforeUpdate)
INFO  2011-01-13 14:28:16,398 - Successfully installed OnBeforeUpdate (\Entity Model\SalesLogix Activity Support\ResourceList\OnBeforeUpdate.method.xml::Primary Steps::OnBeforeUpdate)
INFO  2011-01-13 14:28:16,414 - Installing model item: OnCreate (\Entity Model\SalesLogix Activity Support\ResourceList\OnCreate.method.xml)
INFO  2011-01-13 14:28:16,429 - Successfully installed OnCreate (\Entity Model\SalesLogix Activity Support\ResourceList\OnCreate.method.xml)
INFO  2011-01-13 14:28:16,429 - Installing item: OnCreate (\Entity Model\SalesLogix Activity Support\ResourceList\OnCreate.method.xml::Primary Steps::OnCreate)
INFO  2011-01-13 14:28:16,429 - Successfully installed OnCreate (\Entity Model\SalesLogix Activity Support\ResourceList\OnCreate.method.xml::Primary Steps::OnCreate)
INFO  2011-01-13 14:28:16,445 - Installing model item: Coordinator (\Entity Model\SalesLogix Activity Support\ResourceList\Coordinator.filter.xml)
INFO  2011-01-13 14:28:17,976 - Successfully installed Coordinator (\Entity Model\SalesLogix Activity Support\ResourceList\Coordinator.filter.xml)
INFO  2011-01-13 14:28:18,039 - Installing model item: Name (\Entity Model\SalesLogix Activity Support\ResourceList\Name.filter.xml)
INFO  2011-01-13 14:28:18,742 - Successfully installed Name (\Entity Model\SalesLogix Activity Support\ResourceList\Name.filter.xml)
INFO  2011-01-13 14:28:18,742 - Installing model item: Type (\Entity Model\SalesLogix Activity Support\ResourceList\Type.filter.xml)
INFO  2011-01-13 14:28:18,851 - Successfully installed Type (\Entity Model\SalesLogix Activity Support\ResourceList\Type.filter.xml)
INFO  2011-01-13 14:28:18,867 - Installing model item: ResourceDetail (\Entity Model\SalesLogix Activity Support\ResourceList\QuickForms\ResourceDetail.main.quickform.xml)
INFO  2011-01-13 14:28:19,258 - Successfully installed ResourceDetail (\Entity Model\SalesLogix Activity Support\ResourceList\QuickForms\ResourceDetail.main.quickform.xml)
INFO  2011-01-13 14:28:19,258 - Installing context item: SalesLogix Security Support (\Entity Model\SalesLogix Security Support\SalesLogix Security Support.T.package.xml)
INFO  2011-01-13 14:28:19,273 - Successfully installed SalesLogix Security Support (\Entity Model\SalesLogix Security Support\SalesLogix Security Support.T.package.xml)
INFO  2011-01-13 14:28:19,336 - Installing context item: User (\Entity Model\SalesLogix Security Support\User\User.USERSECURITY.entity.xml)
INFO  2011-01-13 14:28:21,476 - Successfully installed User (\Entity Model\SalesLogix Security Support\User\User.USERSECURITY.entity.xml)
INFO  2011-01-13 14:28:21,476 - Installing model item: UserRoles (\Entity Model\SalesLogix Security Support\User\QuickForms\UserRoles.main.quickform.xml)
INFO  2011-01-13 14:28:21,711 - Successfully installed UserRoles (\Entity Model\SalesLogix Security Support\User\QuickForms\UserRoles.main.quickform.xml)
INFO  2011-01-13 14:28:21,711 - Installing context item: SecuredActionRole (\Entity Model\SalesLogix Security Support\SecuredActionRole\SecuredActionRole.SECUREDACTIONROLE.entity.xml)
INFO  2011-01-13 14:28:22,273 - Successfully installed SecuredActionRole (\Entity Model\SalesLogix Security Support\SecuredActionRole\SecuredActionRole.SECUREDACTIONROLE.entity.xml)
INFO  2011-01-13 14:28:22,336 - Installing model item: OnAfterDelete (\Entity Model\SalesLogix Security Support\SecuredActionRole\OnAfterDelete.method.xml)
INFO  2011-01-13 14:28:22,352 - Successfully installed OnAfterDelete (\Entity Model\SalesLogix Security Support\SecuredActionRole\OnAfterDelete.method.xml)
INFO  2011-01-13 14:28:22,352 - Installing item: ClearRoleSecurityCache (\Entity Model\SalesLogix Security Support\SecuredActionRole\OnAfterDelete.method.xml::Primary Steps::ClearRoleSecurityCache)
INFO  2011-01-13 14:28:22,352 - Successfully installed ClearRoleSecurityCache (\Entity Model\SalesLogix Security Support\SecuredActionRole\OnAfterDelete.method.xml::Primary Steps::ClearRoleSecurityCache)
INFO  2011-01-13 14:28:22,367 - Installing model item: OnBeforeInsert (\Entity Model\SalesLogix Security Support\SecuredActionRole\OnBeforeInsert.method.xml)
INFO  2011-01-13 14:28:22,383 - Successfully installed OnBeforeInsert (\Entity Model\SalesLogix Security Support\SecuredActionRole\OnBeforeInsert.method.xml)
INFO  2011-01-13 14:28:22,492 - Installing item: OnBeforeInsert (\Entity Model\SalesLogix Security Support\SecuredActionRole\OnBeforeInsert.method.xml::Primary Steps::OnBeforeInsert)
INFO  2011-01-13 14:28:22,492 - Successfully installed OnBeforeInsert (\Entity Model\SalesLogix Security Support\SecuredActionRole\OnBeforeInsert.method.xml::Primary Steps::OnBeforeInsert)
INFO  2011-01-13 14:28:22,492 - Installing context item: Role (\Entity Model\SalesLogix Security Support\Role\Role.ROLE.entity.xml)
INFO  2011-01-13 14:28:23,055 - Successfully installed Role (\Entity Model\SalesLogix Security Support\Role\Role.ROLE.entity.xml)
INFO  2011-01-13 14:28:23,070 - Installing model item: AddSecuredAction (\Entity Model\SalesLogix Security Support\Role\AddSecuredAction.method.xml)
INFO  2011-01-13 14:28:23,148 - Successfully installed AddSecuredAction (\Entity Model\SalesLogix Security Support\Role\AddSecuredAction.method.xml)
INFO  2011-01-13 14:28:23,164 - Installing item: AddSecuredAction (\Entity Model\SalesLogix Security Support\Role\AddSecuredAction.method.xml::Primary Steps::AddSecuredAction)
INFO  2011-01-13 14:28:23,164 - Successfully installed AddSecuredAction (\Entity Model\SalesLogix Security Support\Role\AddSecuredAction.method.xml::Primary Steps::AddSecuredAction)
INFO  2011-01-13 14:28:23,164 - Installing model item: AddSecuredActions (\Entity Model\SalesLogix Security Support\Role\AddSecuredActions.method.xml)
INFO  2011-01-13 14:28:23,195 - Successfully installed AddSecuredActions (\Entity Model\SalesLogix Security Support\Role\AddSecuredActions.method.xml)
INFO  2011-01-13 14:28:23,289 - Installing item: AddSecuredActions (\Entity Model\SalesLogix Security Support\Role\AddSecuredActions.method.xml::Primary Steps::AddSecuredActions)
INFO  2011-01-13 14:28:23,305 - Successfully installed AddSecuredActions (\Entity Model\SalesLogix Security Support\Role\AddSecuredActions.method.xml::Primary Steps::AddSecuredActions)
INFO  2011-01-13 14:28:23,305 - Installing model item: AddUser (\Entity Model\SalesLogix Security Support\Role\AddUser.method.xml)
INFO  2011-01-13 14:28:23,398 - Successfully installed AddUser (\Entity Model\SalesLogix Security Support\Role\AddUser.method.xml)
INFO  2011-01-13 14:28:23,414 - Installing item: AddUser (\Entity Model\SalesLogix Security Support\Role\AddUser.method.xml::Primary Steps::AddUser)
INFO  2011-01-13 14:28:23,414 - Successfully installed AddUser (\Entity Model\SalesLogix Security Support\Role\AddUser.method.xml::Primary Steps::AddUser)
INFO  2011-01-13 14:28:23,430 - Installing model item: AddUsers (\Entity Model\SalesLogix Security Support\Role\AddUsers.method.xml)
INFO  2011-01-13 14:28:23,555 - Successfully installed AddUsers (\Entity Model\SalesLogix Security Support\Role\AddUsers.method.xml)
INFO  2011-01-13 14:28:23,555 - Installing item: AddUsers (\Entity Model\SalesLogix Security Support\Role\AddUsers.method.xml::Primary Steps::AddUsers)
INFO  2011-01-13 14:28:23,555 - Successfully installed AddUsers (\Entity Model\SalesLogix Security Support\Role\AddUsers.method.xml::Primary Steps::AddUsers)
INFO  2011-01-13 14:28:23,633 - Installing model item: OnAfterUpdate (\Entity Model\SalesLogix Security Support\Role\OnAfterUpdate.method.xml)
INFO  2011-01-13 14:28:23,633 - Successfully installed OnAfterUpdate (\Entity Model\SalesLogix Security Support\Role\OnAfterUpdate.method.xml)
INFO  2011-01-13 14:28:23,648 - Installing item: ClearRoleSecurityCache (\Entity Model\SalesLogix Security Support\Role\OnAfterUpdate.method.xml::Primary Steps::ClearRoleSecurityCache)
INFO  2011-01-13 14:28:23,648 - Successfully installed ClearRoleSecurityCache (\Entity Model\SalesLogix Security Support\Role\OnAfterUpdate.method.xml::Primary Steps::ClearRoleSecurityCache)
INFO  2011-01-13 14:28:23,648 - Installing model item: OnBeforeDelete (\Entity Model\SalesLogix Security Support\Role\OnBeforeDelete.method.xml)
INFO  2011-01-13 14:28:23,664 - Successfully installed OnBeforeDelete (\Entity Model\SalesLogix Security Support\Role\OnBeforeDelete.method.xml)
INFO  2011-01-13 14:28:23,680 - Installing item: OnBeforeDelete (\Entity Model\SalesLogix Security Support\Role\OnBeforeDelete.method.xml::Primary Steps::OnBeforeDelete)
INFO  2011-01-13 14:28:23,773 - Successfully installed OnBeforeDelete (\Entity Model\SalesLogix Security Support\Role\OnBeforeDelete.method.xml::Primary Steps::OnBeforeDelete)
INFO  2011-01-13 14:28:23,773 - Installing model item: OnBeforeInsert (\Entity Model\SalesLogix Security Support\Role\OnBeforeInsert.method.xml)
INFO  2011-01-13 14:28:23,789 - Successfully installed OnBeforeInsert (\Entity Model\SalesLogix Security Support\Role\OnBeforeInsert.method.xml)
INFO  2011-01-13 14:28:23,789 - Installing item: OnBeforeInsert (\Entity Model\SalesLogix Security Support\Role\OnBeforeInsert.method.xml::Primary Steps::OnBeforeInsert)
INFO  2011-01-13 14:28:23,867 - Successfully installed OnBeforeInsert (\Entity Model\SalesLogix Security Support\Role\OnBeforeInsert.method.xml::Primary Steps::OnBeforeInsert)
INFO  2011-01-13 14:28:23,867 - Installing model item: OnBeforeUpdate (\Entity Model\SalesLogix Security Support\Role\OnBeforeUpdate.method.xml)
INFO  2011-01-13 14:28:23,883 - Successfully installed OnBeforeUpdate (\Entity Model\SalesLogix Security Support\Role\OnBeforeUpdate.method.xml)
INFO  2011-01-13 14:28:23,883 - Installing item: OnBeforeUpdate (\Entity Model\SalesLogix Security Support\Role\OnBeforeUpdate.method.xml::Primary Steps::OnBeforeUpdate)
INFO  2011-01-13 14:28:23,883 - Successfully installed OnBeforeUpdate (\Entity Model\SalesLogix Security Support\Role\OnBeforeUpdate.method.xml::Primary Steps::OnBeforeUpdate)
INFO  2011-01-13 14:28:23,898 - Installing model item: SelectRole (\Entity Model\SalesLogix Security Support\Role\QuickForms\SelectRole.main.quickform.xml)
INFO  2011-01-13 14:28:24,305 - Successfully installed SelectRole (\Entity Model\SalesLogix Security Support\Role\QuickForms\SelectRole.main.quickform.xml)
INFO  2011-01-13 14:28:24,320 - Installing model item: RoleUsers (\Entity Model\SalesLogix Security Support\Role\QuickForms\RoleUsers.main.quickform.xml)
INFO  2011-01-13 14:28:24,430 - Successfully installed RoleUsers (\Entity Model\SalesLogix Security Support\Role\QuickForms\RoleUsers.main.quickform.xml)
INFO  2011-01-13 14:28:24,445 - Installing model item: RoleActions (\Entity Model\SalesLogix Security Support\Role\QuickForms\RoleActions.main.quickform.xml)
INFO  2011-01-13 14:28:24,477 - Successfully installed RoleActions (\Entity Model\SalesLogix Security Support\Role\QuickForms\RoleActions.main.quickform.xml)
INFO  2011-01-13 14:28:24,477 - Installing model item: SecuredAction (\Entity Model\SalesLogix Security Support\SecuredAction\SecuredAction.SECUREDACTION.entity.xml)
INFO  2011-01-13 14:28:24,586 - Successfully installed SecuredAction (\Entity Model\SalesLogix Security Support\SecuredAction\SecuredAction.SECUREDACTION.entity.xml)
INFO  2011-01-13 14:28:24,602 - Installing model item: AddToRole (\Entity Model\SalesLogix Security Support\SecuredAction\AddToRole.method.xml)
INFO  2011-01-13 14:28:24,633 - Successfully installed AddToRole (\Entity Model\SalesLogix Security Support\SecuredAction\AddToRole.method.xml)
INFO  2011-01-13 14:28:24,633 - Installing item: AddToRole (\Entity Model\SalesLogix Security Support\SecuredAction\AddToRole.method.xml::Primary Steps::AddToRole)
INFO  2011-01-13 14:28:24,742 - Successfully installed AddToRole (\Entity Model\SalesLogix Security Support\SecuredAction\AddToRole.method.xml::Primary Steps::AddToRole)
INFO  2011-01-13 14:28:24,742 - Installing model item: NameIsDuplicate (\Entity Model\SalesLogix Security Support\SecuredAction\NameIsDuplicate.method.xml)
INFO  2011-01-13 14:28:25,414 - Successfully installed NameIsDuplicate (\Entity Model\SalesLogix Security Support\SecuredAction\NameIsDuplicate.method.xml)
INFO  2011-01-13 14:28:25,414 - Installing item: NameIsDuplicate (\Entity Model\SalesLogix Security Support\SecuredAction\NameIsDuplicate.method.xml::Primary Steps::NameIsDuplicate)
INFO  2011-01-13 14:28:25,492 - Successfully installed NameIsDuplicate (\Entity Model\SalesLogix Security Support\SecuredAction\NameIsDuplicate.method.xml::Primary Steps::NameIsDuplicate)
INFO  2011-01-13 14:28:25,492 - Installing model item: NameIsMissing (\Entity Model\SalesLogix Security Support\SecuredAction\NameIsMissing.method.xml)
INFO  2011-01-13 14:28:25,711 - Successfully installed NameIsMissing (\Entity Model\SalesLogix Security Support\SecuredAction\NameIsMissing.method.xml)
INFO  2011-01-13 14:28:25,711 - Installing item: NameIsMissing (\Entity Model\SalesLogix Security Support\SecuredAction\NameIsMissing.method.xml::Primary Steps::NameIsMissing)
INFO  2011-01-13 14:28:25,789 - Successfully installed NameIsMissing (\Entity Model\SalesLogix Security Support\SecuredAction\NameIsMissing.method.xml::Primary Steps::NameIsMissing)
INFO  2011-01-13 14:28:25,789 - Installing model item: OnBeforeInsert (\Entity Model\SalesLogix Security Support\SecuredAction\OnBeforeInsert.method.xml)
INFO  2011-01-13 14:28:25,805 - Successfully installed OnBeforeInsert (\Entity Model\SalesLogix Security Support\SecuredAction\OnBeforeInsert.method.xml)
INFO  2011-01-13 14:28:25,805 - Installing item: OnBeforeInsert (\Entity Model\SalesLogix Security Support\SecuredAction\OnBeforeInsert.method.xml::Primary Steps::OnBeforeInsert)
INFO  2011-01-13 14:28:25,805 - Successfully installed OnBeforeInsert (\Entity Model\SalesLogix Security Support\SecuredAction\OnBeforeInsert.method.xml::Primary Steps::OnBeforeInsert)
INFO  2011-01-13 14:28:25,883 - Installing model item: OnBeforeUpdate (\Entity Model\SalesLogix Security Support\SecuredAction\OnBeforeUpdate.method.xml)
INFO  2011-01-13 14:28:25,930 - Successfully installed OnBeforeUpdate (\Entity Model\SalesLogix Security Support\SecuredAction\OnBeforeUpdate.method.xml)
INFO  2011-01-13 14:28:25,930 - Installing item: OnBeforeInsert (\Entity Model\SalesLogix Security Support\SecuredAction\OnBeforeUpdate.method.xml::Primary Steps::OnBeforeInsert)
INFO  2011-01-13 14:28:25,930 - Successfully installed OnBeforeInsert (\Entity Model\SalesLogix Security Support\SecuredAction\OnBeforeUpdate.method.xml::Primary Steps::OnBeforeInsert)
INFO  2011-01-13 14:28:25,945 - Installing model item: Parent (\Entity Model\SalesLogix Security Support\SecuredAction\Parent.filter.xml)
INFO  2011-01-13 14:28:25,992 - Successfully installed Parent (\Entity Model\SalesLogix Security Support\SecuredAction\Parent.filter.xml)
INFO  2011-01-13 14:28:26,055 - Installing model item: SecuredActionDetail (\Entity Model\SalesLogix Security Support\SecuredAction\QuickForms\SecuredActionDetail.main.quickform.xml)
INFO  2011-01-13 14:28:26,352 - Successfully installed SecuredActionDetail (\Entity Model\SalesLogix Security Support\SecuredAction\QuickForms\SecuredActionDetail.main.quickform.xml)
INFO  2011-01-13 14:28:26,352 - Installing model item: SecuredActionRoles (\Entity Model\SalesLogix Security Support\SecuredAction\QuickForms\SecuredActionRoles.main.quickform.xml)
INFO  2011-01-13 14:28:26,570 - Successfully installed SecuredActionRoles (\Entity Model\SalesLogix Security Support\SecuredAction\QuickForms\SecuredActionRoles.main.quickform.xml)
INFO  2011-01-13 14:28:26,570 - Installing context item: UserRole (\Entity Model\SalesLogix Security Support\UserRole\UserRole.USERROLE.entity.xml)
INFO  2011-01-13 14:28:27,430 - Successfully installed UserRole (\Entity Model\SalesLogix Security Support\UserRole\UserRole.USERROLE.entity.xml)
INFO  2011-01-13 14:28:27,445 - Installing model item: OnBeforeInsert (\Entity Model\SalesLogix Security Support\UserRole\OnBeforeInsert.method.xml)
INFO  2011-01-13 14:28:27,461 - Successfully installed OnBeforeInsert (\Entity Model\SalesLogix Security Support\UserRole\OnBeforeInsert.method.xml)
INFO  2011-01-13 14:28:27,461 - Installing item: OnBeforeInsert (\Entity Model\SalesLogix Security Support\UserRole\OnBeforeInsert.method.xml::Primary Steps::OnBeforeInsert)
INFO  2011-01-13 14:28:27,461 - Successfully installed OnBeforeInsert (\Entity Model\SalesLogix Security Support\UserRole\OnBeforeInsert.method.xml::Primary Steps::OnBeforeInsert)
INFO  2011-01-13 14:28:27,477 - Installing model item: IsDuplicate (\Entity Model\SalesLogix Security Support\UserRole\IsDuplicate.method.xml)
INFO  2011-01-13 14:28:27,570 - Successfully installed IsDuplicate (\Entity Model\SalesLogix Security Support\UserRole\IsDuplicate.method.xml)
INFO  2011-01-13 14:28:27,570 - Installing item: IsDuplicate (\Entity Model\SalesLogix Security Support\UserRole\IsDuplicate.method.xml::Primary Steps::IsDuplicate)
INFO  2011-01-13 14:28:27,586 - Successfully installed IsDuplicate (\Entity Model\SalesLogix Security Support\UserRole\IsDuplicate.method.xml::Primary Steps::IsDuplicate)
INFO  2011-01-13 14:28:27,586 - Installing context item: SalesLogix Application Entities (\Entity Model\SalesLogix Application Entities\SalesLogix Application Entities.T.package.xml)
INFO  2011-01-13 14:28:27,586 - Successfully installed SalesLogix Application Entities (\Entity Model\SalesLogix Application Entities\SalesLogix Application Entities.T.package.xml)
INFO  2011-01-13 14:28:27,602 - Installing model item: Qualification (\Entity Model\SalesLogix Application Entities\Qualification\Qualification.QUALIFICATION.entity.xml)
INFO  2011-01-13 14:28:27,680 - Successfully installed Qualification (\Entity Model\SalesLogix Application Entities\Qualification\Qualification.QUALIFICATION.entity.xml)
INFO  2011-01-13 14:28:27,680 - Installing model item: OnAfterDelete (\Entity Model\SalesLogix Application Entities\Qualification\OnAfterDelete.method.xml)
INFO  2011-01-13 14:28:27,695 - Successfully installed OnAfterDelete (\Entity Model\SalesLogix Application Entities\Qualification\OnAfterDelete.method.xml)
INFO  2011-01-13 14:28:27,758 - Installing item: OnAfterDelete (\Entity Model\SalesLogix Application Entities\Qualification\OnAfterDelete.method.xml::Primary Steps::OnAfterDelete)
INFO  2011-01-13 14:28:27,774 - Successfully installed OnAfterDelete (\Entity Model\SalesLogix Application Entities\Qualification\OnAfterDelete.method.xml::Primary Steps::OnAfterDelete)
INFO  2011-01-13 14:28:27,774 - Installing model item: OnAfterInsert (\Entity Model\SalesLogix Application Entities\Qualification\OnAfterInsert.method.xml)
INFO  2011-01-13 14:28:27,914 - Successfully installed OnAfterInsert (\Entity Model\SalesLogix Application Entities\Qualification\OnAfterInsert.method.xml)
INFO  2011-01-13 14:28:27,914 - Installing item: OnAfterInsert (\Entity Model\SalesLogix Application Entities\Qualification\OnAfterInsert.method.xml::Primary Steps::OnAfterInsert)
INFO  2011-01-13 14:28:27,930 - Successfully installed OnAfterInsert (\Entity Model\SalesLogix Application Entities\Qualification\OnAfterInsert.method.xml::Primary Steps::OnAfterInsert)
INFO  2011-01-13 14:28:27,930 - Installing model item: OnAfterUpdate (\Entity Model\SalesLogix Application Entities\Qualification\OnAfterUpdate.method.xml)
INFO  2011-01-13 14:28:27,945 - Successfully installed OnAfterUpdate (\Entity Model\SalesLogix Application Entities\Qualification\OnAfterUpdate.method.xml)
INFO  2011-01-13 14:28:27,961 - Installing item: OnAfterUpdate (\Entity Model\SalesLogix Application Entities\Qualification\OnAfterUpdate.method.xml::Primary Steps::OnAfterUpdate)
INFO  2011-01-13 14:28:27,961 - Successfully installed OnAfterUpdate (\Entity Model\SalesLogix Application Entities\Qualification\OnAfterUpdate.method.xml::Primary Steps::OnAfterUpdate)
INFO  2011-01-13 14:28:27,977 - Installing model item: OnBeforeDelete (\Entity Model\SalesLogix Application Entities\Qualification\OnBeforeDelete.method.xml)
INFO  2011-01-13 14:28:28,117 - Successfully installed OnBeforeDelete (\Entity Model\SalesLogix Application Entities\Qualification\OnBeforeDelete.method.xml)
INFO  2011-01-13 14:28:28,117 - Installing item: OnBeforeDelete (\Entity Model\SalesLogix Application Entities\Qualification\OnBeforeDelete.method.xml::Primary Steps::OnBeforeDelete)
INFO  2011-01-13 14:28:28,133 - Successfully installed OnBeforeDelete (\Entity Model\SalesLogix Application Entities\Qualification\OnBeforeDelete.method.xml::Primary Steps::OnBeforeDelete)
INFO  2011-01-13 14:28:28,133 - Installing model item: OnBeforeInsert (\Entity Model\SalesLogix Application Entities\Qualification\OnBeforeInsert.method.xml)
INFO  2011-01-13 14:28:28,149 - Successfully installed OnBeforeInsert (\Entity Model\SalesLogix Application Entities\Qualification\OnBeforeInsert.method.xml)
INFO  2011-01-13 14:28:28,164 - Installing item: OnBeforeInsert (\Entity Model\SalesLogix Application Entities\Qualification\OnBeforeInsert.method.xml::Primary Steps::OnBeforeInsert)
INFO  2011-01-13 14:28:28,164 - Successfully installed OnBeforeInsert (\Entity Model\SalesLogix Application Entities\Qualification\OnBeforeInsert.method.xml::Primary Steps::OnBeforeInsert)
INFO  2011-01-13 14:28:28,180 - Installing model item: OnBeforeUpdate (\Entity Model\SalesLogix Application Entities\Qualification\OnBeforeUpdate.method.xml)
INFO  2011-01-13 14:28:28,367 - Successfully installed OnBeforeUpdate (\Entity Model\SalesLogix Application Entities\Qualification\OnBeforeUpdate.method.xml)
INFO  2011-01-13 14:28:28,367 - Installing item: OnBeforeUpdate (\Entity Model\SalesLogix Application Entities\Qualification\OnBeforeUpdate.method.xml::Primary Steps::OnBeforeUpdate)
INFO  2011-01-13 14:28:28,383 - Successfully installed OnBeforeUpdate (\Entity Model\SalesLogix Application Entities\Qualification\OnBeforeUpdate.method.xml::Primary Steps::OnBeforeUpdate)
INFO  2011-01-13 14:28:28,383 - Installing model item: OnCreate (\Entity Model\SalesLogix Application Entities\Qualification\OnCreate.method.xml)
INFO  2011-01-13 14:28:28,461 - Successfully installed OnCreate (\Entity Model\SalesLogix Application Entities\Qualification\OnCreate.method.xml)
INFO  2011-01-13 14:28:28,477 - Installing item: OnCreate (\Entity Model\SalesLogix Application Entities\Qualification\OnCreate.method.xml::Primary Steps::OnCreate)
INFO  2011-01-13 14:28:28,477 - Successfully installed OnCreate (\Entity Model\SalesLogix Application Entities\Qualification\OnCreate.method.xml::Primary Steps::OnCreate)
INFO  2011-01-13 14:28:28,492 - Installing model item: AddEditQualification (\Entity Model\SalesLogix Application Entities\Qualification\QuickForms\AddEditQualification.main.quickform.xml)
INFO  2011-01-13 14:28:28,977 - Successfully installed AddEditQualification (\Entity Model\SalesLogix Application Entities\Qualification\QuickForms\AddEditQualification.main.quickform.xml)
INFO  2011-01-13 14:28:28,992 - Installing model item: QualificationCategory (\Entity Model\SalesLogix Application Entities\QualificationCategory\QualificationCategory.QUALIFICATION_CATEGORY.entity.xml)
INFO  2011-01-13 14:28:29,070 - Successfully installed QualificationCategory (\Entity Model\SalesLogix Application Entities\QualificationCategory\QualificationCategory.QUALIFICATION_CATEGORY.entity.xml)
INFO  2011-01-13 14:28:29,086 - Installing model item: ValidateQualification (\Entity Model\SalesLogix Application Entities\QualificationCategory\ValidateQualification.method.xml)
INFO  2011-01-13 14:28:29,195 - Successfully installed ValidateQualification (\Entity Model\SalesLogix Application Entities\QualificationCategory\ValidateQualification.method.xml)
INFO  2011-01-13 14:28:29,305 - Installing item: ValidateQualification (\Entity Model\SalesLogix Application Entities\QualificationCategory\ValidateQualification.method.xml::Primary Steps::ValidateQualification)
INFO  2011-01-13 14:28:29,305 - Successfully installed ValidateQualification (\Entity Model\SalesLogix Application Entities\QualificationCategory\ValidateQualification.method.xml::Primary Steps::ValidateQualification)
INFO  2011-01-13 14:28:29,320 - Installing model item: OnAfterDelete (\Entity Model\SalesLogix Application Entities\QualificationCategory\OnAfterDelete.method.xml)
INFO  2011-01-13 14:28:29,399 - Successfully installed OnAfterDelete (\Entity Model\SalesLogix Application Entities\QualificationCategory\OnAfterDelete.method.xml)
INFO  2011-01-13 14:28:29,414 - Installing item: OnAfterDelete (\Entity Model\SalesLogix Application Entities\QualificationCategory\OnAfterDelete.method.xml::Primary Steps::OnAfterDelete)
INFO  2011-01-13 14:28:29,477 - Successfully installed OnAfterDelete (\Entity Model\SalesLogix Application Entities\QualificationCategory\OnAfterDelete.method.xml::Primary Steps::OnAfterDelete)
INFO  2011-01-13 14:28:29,477 - Installing model item: OnAfterInsert (\Entity Model\SalesLogix Application Entities\QualificationCategory\OnAfterInsert.method.xml)
INFO  2011-01-13 14:28:29,602 - Successfully installed OnAfterInsert (\Entity Model\SalesLogix Application Entities\QualificationCategory\OnAfterInsert.method.xml)
INFO  2011-01-13 14:28:29,602 - Installing item: OnAfterInsert (\Entity Model\SalesLogix Application Entities\QualificationCategory\OnAfterInsert.method.xml::Primary Steps::OnAfterInsert)
INFO  2011-01-13 14:28:29,617 - Successfully installed OnAfterInsert (\Entity Model\SalesLogix Application Entities\QualificationCategory\OnAfterInsert.method.xml::Primary Steps::OnAfterInsert)
INFO  2011-01-13 14:28:29,617 - Installing model item: OnAfterUpdate (\Entity Model\SalesLogix Application Entities\QualificationCategory\OnAfterUpdate.method.xml)
INFO  2011-01-13 14:28:29,742 - Successfully installed OnAfterUpdate (\Entity Model\SalesLogix Application Entities\QualificationCategory\OnAfterUpdate.method.xml)
INFO  2011-01-13 14:28:29,758 - Installing item: OnAfterUpdate (\Entity Model\SalesLogix Application Entities\QualificationCategory\OnAfterUpdate.method.xml::Primary Steps::OnAfterUpdate)
INFO  2011-01-13 14:28:29,758 - Successfully installed OnAfterUpdate (\Entity Model\SalesLogix Application Entities\QualificationCategory\OnAfterUpdate.method.xml::Primary Steps::OnAfterUpdate)
INFO  2011-01-13 14:28:29,774 - Installing model item: OnBeforeDelete (\Entity Model\SalesLogix Application Entities\QualificationCategory\OnBeforeDelete.method.xml)
INFO  2011-01-13 14:28:29,805 - Successfully installed OnBeforeDelete (\Entity Model\SalesLogix Application Entities\QualificationCategory\OnBeforeDelete.method.xml)
INFO  2011-01-13 14:28:29,820 - Installing item: OnBeforeDelete (\Entity Model\SalesLogix Application Entities\QualificationCategory\OnBeforeDelete.method.xml::Primary Steps::OnBeforeDelete)
INFO  2011-01-13 14:28:29,820 - Successfully installed OnBeforeDelete (\Entity Model\SalesLogix Application Entities\QualificationCategory\OnBeforeDelete.method.xml::Primary Steps::OnBeforeDelete)
INFO  2011-01-13 14:28:29,836 - Installing model item: OnBeforeInsert (\Entity Model\SalesLogix Application Entities\QualificationCategory\OnBeforeInsert.method.xml)
INFO  2011-01-13 14:28:29,961 - Successfully installed OnBeforeInsert (\Entity Model\SalesLogix Application Entities\QualificationCategory\OnBeforeInsert.method.xml)
INFO  2011-01-13 14:28:29,961 - Installing item: OnBeforeInsert (\Entity Model\SalesLogix Application Entities\QualificationCategory\OnBeforeInsert.method.xml::Primary Steps::OnBeforeInsert)
INFO  2011-01-13 14:28:29,977 - Successfully installed OnBeforeInsert (\Entity Model\SalesLogix Application Entities\QualificationCategory\OnBeforeInsert.method.xml::Primary Steps::OnBeforeInsert)
INFO  2011-01-13 14:28:29,977 - Installing model item: OnBeforeUpdate (\Entity Model\SalesLogix Application Entities\QualificationCategory\OnBeforeUpdate.method.xml)
INFO  2011-01-13 14:28:30,055 - Successfully installed OnBeforeUpdate (\Entity Model\SalesLogix Application Entities\QualificationCategory\OnBeforeUpdate.method.xml)
INFO  2011-01-13 14:28:30,071 - Installing item: ValidateItemCount (\Entity Model\SalesLogix Application Entities\QualificationCategory\OnBeforeUpdate.method.xml::Pre Execute Steps::ValidateItemCount)
INFO  2011-01-13 14:28:30,086 - Successfully installed ValidateItemCount (\Entity Model\SalesLogix Application Entities\QualificationCategory\OnBeforeUpdate.method.xml::Pre Execute Steps::ValidateItemCount)
INFO  2011-01-13 14:28:30,102 - Installing item: OnBeforeUpdate (\Entity Model\SalesLogix Application Entities\QualificationCategory\OnBeforeUpdate.method.xml::Primary Steps::OnBeforeUpdate)
INFO  2011-01-13 14:28:30,196 - Successfully installed OnBeforeUpdate (\Entity Model\SalesLogix Application Entities\QualificationCategory\OnBeforeUpdate.method.xml::Primary Steps::OnBeforeUpdate)
INFO  2011-01-13 14:28:30,211 - Installing model item: OnCreate (\Entity Model\SalesLogix Application Entities\QualificationCategory\OnCreate.method.xml)
INFO  2011-01-13 14:28:30,227 - Successfully installed OnCreate (\Entity Model\SalesLogix Application Entities\QualificationCategory\OnCreate.method.xml)
INFO  2011-01-13 14:28:30,242 - Installing item: OnCreate (\Entity Model\SalesLogix Application Entities\QualificationCategory\OnCreate.method.xml::Primary Steps::OnCreate)
INFO  2011-01-13 14:28:30,258 - Successfully installed OnCreate (\Entity Model\SalesLogix Application Entities\QualificationCategory\OnCreate.method.xml::Primary Steps::OnCreate)
INFO  2011-01-13 14:28:30,258 - Installing model item: Qualification (\Entity Model\SalesLogix Application Entities\QualificationCategory\Qualification.filter.xml)
INFO  2011-01-13 14:28:30,399 - Successfully installed Qualification (\Entity Model\SalesLogix Application Entities\QualificationCategory\Qualification.filter.xml)
INFO  2011-01-13 14:28:30,461 - Installing model item: QualificationCategoryDetail (\Entity Model\SalesLogix Application Entities\QualificationCategory\QuickForms\QualificationCategoryDetail.main.quickform.xml)
INFO  2011-01-13 14:28:31,071 - Successfully installed QualificationCategoryDetail (\Entity Model\SalesLogix Application Entities\QualificationCategory\QuickForms\QualificationCategoryDetail.main.quickform.xml)
INFO  2011-01-13 14:28:31,086 - Installing model item: Qualifications (\Entity Model\SalesLogix Application Entities\QualificationCategory\QuickForms\Qualifications.main.quickform.xml)
INFO  2011-01-13 14:28:31,430 - Successfully installed Qualifications (\Entity Model\SalesLogix Application Entities\QualificationCategory\QuickForms\Qualifications.main.quickform.xml)
INFO  2011-01-13 14:28:32,336 - Installing model item: Role.SecuredActions 1:M Secured Action Role.Role (\Entity Model\Relationships\Role.SecuredActionRole.79c31ebca0404ccebbf9448e8108b930.relationship.xml)
INFO  2011-01-13 14:28:32,367 - Successfully installed Role.SecuredActions 1:M Secured Action Role.Role (\Entity Model\Relationships\Role.SecuredActionRole.79c31ebca0404ccebbf9448e8108b930.relationship.xml)
INFO  2011-01-13 14:28:32,383 - Installing model item: User.Resources 1:M Resource.Coordinator (\Entity Model\Relationships\User.ResourceList.bc65ab5b22364e09b1f6832c1d04cb89.relationship.xml)
INFO  2011-01-13 14:28:39,430 - Successfully installed User.Resources 1:M Resource.Coordinator (\Entity Model\Relationships\User.ResourceList.bc65ab5b22364e09b1f6832c1d04cb89.relationship.xml)
INFO  2011-01-13 14:28:39,508 - Installing model item: Qualification.Qualifications 1:M Qualification.QualificationCategory (\Entity Model\Relationships\QualificationCategory.Qualification.5d55f27ef0b346a494b776e5530eb7b7.relationship.xml)
INFO  2011-01-13 14:28:39,524 - Successfully installed Qualification.Qualifications 1:M Qualification.QualificationCategory (\Entity Model\Relationships\QualificationCategory.Qualification.5d55f27ef0b346a494b776e5530eb7b7.relationship.xml)
INFO  2011-01-13 14:28:39,540 - Installing model item: Secured Action.Roles 1:M Secured Action Role.SecuredAction (\Entity Model\Relationships\SecuredAction.SecuredActionRole.15ae5e8b65604a8e9fe9e71a1a08ad2b.relationship.xml)
INFO  2011-01-13 14:28:39,649 - Successfully installed Secured Action.Roles 1:M Secured Action Role.SecuredAction (\Entity Model\Relationships\SecuredAction.SecuredActionRole.15ae5e8b65604a8e9fe9e71a1a08ad2b.relationship.xml)
INFO  2011-01-13 14:28:39,649 - Installing model item: User.Roles 1:M User Role.User (\Entity Model\Relationships\User.UserRole.2cfdb4ccefed46648f232c76835c3261.relationship.xml)
INFO  2011-01-13 14:28:39,665 - Successfully installed User.Roles 1:M User Role.User (\Entity Model\Relationships\User.UserRole.2cfdb4ccefed46648f232c76835c3261.relationship.xml)
INFO  2011-01-13 14:28:39,665 - Installing model item: Role.Users 1:M User Role.Role (\Entity Model\Relationships\Role.UserRole.0e495d4cac354d029984d60e83d41200.relationship.xml)
INFO  2011-01-13 14:28:39,696 - Successfully installed Role.Users 1:M User Role.Role (\Entity Model\Relationships\Role.UserRole.0e495d4cac354d029984d60e83d41200.relationship.xml)
INFO  2011-01-13 14:28:39,696 - Installing model item: Sage SalesLogix (\Portal\SlxClient\SlxClient.portal.xml)
INFO  2011-01-13 14:28:42,274 - Successfully installed Sage SalesLogix (\Portal\SlxClient\SlxClient.portal.xml)
INFO  2011-01-13 14:28:42,274 - Installing model item: Sage.SalesLogix.Web.AcceleratorsModule.ScriptSetup (\Portal\SlxClient\Modules\Sage.SalesLogix.Web.AcceleratorsModule.ScriptSetup.module.xml)
INFO  2011-01-13 14:28:42,290 - Successfully installed Sage.SalesLogix.Web.AcceleratorsModule.ScriptSetup (\Portal\SlxClient\Modules\Sage.SalesLogix.Web.AcceleratorsModule.ScriptSetup.module.xml)
INFO  2011-01-13 14:28:42,305 - Installing model item: SecuredActionTasklet (\Portal\SlxClient\Tasklets\SecuredActionTasklet.tasklet.xml)
INFO  2011-01-13 14:28:42,493 - Successfully installed SecuredActionTasklet (\Portal\SlxClient\Tasklets\SecuredActionTasklet.tasklet.xml)
INFO  2011-01-13 14:28:42,493 - Installing model item: UserTasklet (\Portal\SlxClient\Tasklets\UserTasklet.tasklet.xml)
INFO  2011-01-13 14:28:42,712 - Successfully installed UserTasklet (\Portal\SlxClient\Tasklets\UserTasklet.tasklet.xml)
INFO  2011-01-13 14:28:42,727 - Installing model item: Secured Actions (\Portal\SlxClient\ChildPages\SecuredAction\SecuredAction.page.xml)
INFO  2011-01-13 14:28:42,915 - Successfully installed Secured Actions (\Portal\SlxClient\ChildPages\SecuredAction\SecuredAction.page.xml)
INFO  2011-01-13 14:28:42,946 - Installing model item: LiveGroupViewer (Custom) (\Portal\SlxClient\ChildPages\SecuredAction\SmartParts\LiveGroupViewer.smartpart.xml)
INFO  2011-01-13 14:28:43,555 - Successfully installed LiveGroupViewer (Custom) (\Portal\SlxClient\ChildPages\SecuredAction\SmartParts\LiveGroupViewer.smartpart.xml)
INFO  2011-01-13 14:28:43,555 - Installing model item: SecuredActionDetail (\Portal\SlxClient\ChildPages\SecuredAction\SmartParts\SecuredActionDetail.smartpart.xml)
INFO  2011-01-13 14:28:43,712 - Successfully installed SecuredActionDetail (\Portal\SlxClient\ChildPages\SecuredAction\SmartParts\SecuredActionDetail.smartpart.xml)
INFO  2011-01-13 14:28:43,712 - Installing model item: SecuredActionRoles (\Portal\SlxClient\ChildPages\SecuredAction\SmartParts\SecuredActionRoles.smartpart.xml)
INFO  2011-01-13 14:28:44,446 - Successfully installed SecuredActionRoles (\Portal\SlxClient\ChildPages\SecuredAction\SmartParts\SecuredActionRoles.smartpart.xml)
INFO  2011-01-13 14:28:44,446 - Installing model item: SecuredActionLocations (Custom) (\Portal\SlxClient\ChildPages\SecuredAction\SmartParts\SecuredActionLocations.smartpart.xml)
INFO  2011-01-13 14:28:44,696 - Successfully installed SecuredActionLocations (Custom) (\Portal\SlxClient\ChildPages\SecuredAction\SmartParts\SecuredActionLocations.smartpart.xml)
INFO  2011-01-13 14:28:44,696 - Installing model item: SelectRole (\Portal\SlxClient\ChildPages\SecuredAction\SmartParts\SelectRole.smartpart.xml)
INFO  2011-01-13 14:28:44,837 - Successfully installed SelectRole (\Portal\SlxClient\ChildPages\SecuredAction\SmartParts\SelectRole.smartpart.xml)
INFO  2011-01-13 14:28:44,899 - Installing model item: Sage.SalesLogix.Client.GroupBuilder.Modules.GroupViewerModule (\Portal\SlxClient\ChildPages\SecuredAction\Modules\Sage.SalesLogix.Client.GroupBuilder.Modules.GroupViewerModule.module.xml)
INFO  2011-01-13 14:28:45,008 - Successfully installed Sage.SalesLogix.Client.GroupBuilder.Modules.GroupViewerModule (\Portal\SlxClient\ChildPages\SecuredAction\Modules\Sage.SalesLogix.Client.GroupBuilder.Modules.GroupViewerModule.module.xml)
INFO  2011-01-13 14:28:45,087 - Installing model item: Qualification (\Portal\SlxClient\ChildPages\QualificationCategory\QualificationCategory.page.xml)
INFO  2011-01-13 14:28:45,258 - Successfully installed Qualification (\Portal\SlxClient\ChildPages\QualificationCategory\QualificationCategory.page.xml)
INFO  2011-01-13 14:28:45,258 - Installing model item: LiveGroupViewer (Custom) (\Portal\SlxClient\ChildPages\QualificationCategory\SmartParts\LiveGroupViewer.smartpart.xml)
INFO  2011-01-13 14:28:45,508 - Successfully installed LiveGroupViewer (Custom) (\Portal\SlxClient\ChildPages\QualificationCategory\SmartParts\LiveGroupViewer.smartpart.xml)
INFO  2011-01-13 14:28:45,524 - Installing model item: QualificationCategoryDetail (\Portal\SlxClient\ChildPages\QualificationCategory\SmartParts\QualificationCategoryDetail.smartpart.xml)
INFO  2011-01-13 14:28:45,727 - Successfully installed QualificationCategoryDetail (\Portal\SlxClient\ChildPages\QualificationCategory\SmartParts\QualificationCategoryDetail.smartpart.xml)
INFO  2011-01-13 14:28:45,743 - Installing model item: Qualifications (\Portal\SlxClient\ChildPages\QualificationCategory\SmartParts\Qualifications.smartpart.xml)
INFO  2011-01-13 14:28:45,946 - Successfully installed Qualifications (\Portal\SlxClient\ChildPages\QualificationCategory\SmartParts\Qualifications.smartpart.xml)
INFO  2011-01-13 14:28:45,962 - Installing model item: AddEditQualification (\Portal\SlxClient\ChildPages\QualificationCategory\SmartParts\AddEditQualification.smartpart.xml)
INFO  2011-01-13 14:28:46,118 - Successfully installed AddEditQualification (\Portal\SlxClient\ChildPages\QualificationCategory\SmartParts\AddEditQualification.smartpart.xml)
INFO  2011-01-13 14:28:46,134 - Installing model item: Sage.SalesLogix.Client.GroupBuilder.Modules.GroupViewerModule (\Portal\SlxClient\ChildPages\QualificationCategory\Modules\Sage.SalesLogix.Client.GroupBuilder.Modules.GroupViewerModule.module.xml)
INFO  2011-01-13 14:28:46,368 - Successfully installed Sage.SalesLogix.Client.GroupBuilder.Modules.GroupViewerModule (\Portal\SlxClient\ChildPages\QualificationCategory\Modules\Sage.SalesLogix.Client.GroupBuilder.Modules.GroupViewerModule.module.xml)
INFO  2011-01-13 14:28:46,368 - Installing model item: Resource (\Portal\SlxClient\ChildPages\ResourceList\ResourceList.page.xml)
INFO  2011-01-13 14:28:46,602 - Successfully installed Resource (\Portal\SlxClient\ChildPages\ResourceList\ResourceList.page.xml)
INFO  2011-01-13 14:28:46,602 - Installing model item: LiveGroupViewer (Custom) (\Portal\SlxClient\ChildPages\ResourceList\SmartParts\LiveGroupViewer.smartpart.xml)
INFO  2011-01-13 14:28:47,009 - Successfully installed LiveGroupViewer (Custom) (\Portal\SlxClient\ChildPages\ResourceList\SmartParts\LiveGroupViewer.smartpart.xml)
INFO  2011-01-13 14:28:47,024 - Installing model item: ResourceDetail (\Portal\SlxClient\ChildPages\ResourceList\SmartParts\ResourceDetail.smartpart.xml)
INFO  2011-01-13 14:28:47,180 - Successfully installed ResourceDetail (\Portal\SlxClient\ChildPages\ResourceList\SmartParts\ResourceDetail.smartpart.xml)
INFO  2011-01-13 14:28:47,180 - Installing model item: Sage.SalesLogix.Client.GroupBuilder.Modules.GroupViewerModule (\Portal\SlxClient\ChildPages\ResourceList\Modules\Sage.SalesLogix.Client.GroupBuilder.Modules.GroupViewerModule.module.xml)
INFO  2011-01-13 14:28:47,384 - Successfully installed Sage.SalesLogix.Client.GroupBuilder.Modules.GroupViewerModule (\Portal\SlxClient\ChildPages\ResourceList\Modules\Sage.SalesLogix.Client.GroupBuilder.Modules.GroupViewerModule.module.xml)
INFO  2011-01-13 14:28:47,399 - Installing model item: Insert Secured Action (\Portal\SlxClient\ChildPages\InsertSecuredAction\InsertSecuredAction.page.xml)
INFO  2011-01-13 14:28:47,587 - Successfully installed Insert Secured Action (\Portal\SlxClient\ChildPages\InsertSecuredAction\InsertSecuredAction.page.xml)
INFO  2011-01-13 14:28:47,696 - Installing model item: SecuredActionDetail (\Portal\SlxClient\ChildPages\InsertSecuredAction\SmartParts\SecuredActionDetail.smartpart.xml)
INFO  2011-01-13 14:28:47,868 - Successfully installed SecuredActionDetail (\Portal\SlxClient\ChildPages\InsertSecuredAction\SmartParts\SecuredActionDetail.smartpart.xml)
INFO  2011-01-13 14:28:47,884 - Installing model item: Insert Qualification (\Portal\SlxClient\ChildPages\InsertQualification\InsertQualification.page.xml)
INFO  2011-01-13 14:28:48,149 - Successfully installed Insert Qualification (\Portal\SlxClient\ChildPages\InsertQualification\InsertQualification.page.xml)
INFO  2011-01-13 14:28:48,149 - Installing model item: QualificationCategoryDetail (\Portal\SlxClient\ChildPages\InsertQualification\SmartParts\QualificationCategoryDetail.smartpart.xml)
INFO  2011-01-13 14:28:48,305 - Successfully installed QualificationCategoryDetail (\Portal\SlxClient\ChildPages\InsertQualification\SmartParts\QualificationCategoryDetail.smartpart.xml)
INFO  2011-01-13 14:28:48,384 - Installing model item: Insert Resource (\Portal\SlxClient\ChildPages\InsertResource\InsertResource.page.xml)
INFO  2011-01-13 14:28:48,509 - Successfully installed Insert Resource (\Portal\SlxClient\ChildPages\InsertResource\InsertResource.page.xml)
INFO  2011-01-13 14:28:48,524 - Installing model item: ResourceDetail (\Portal\SlxClient\ChildPages\InsertResource\SmartParts\ResourceDetail.smartpart.xml)
INFO  2011-01-13 14:28:48,759 - Successfully installed ResourceDetail (\Portal\SlxClient\ChildPages\InsertResource\SmartParts\ResourceDetail.smartpart.xml)
INFO  2011-01-13 14:28:48,852 - Installing context item: User Detail (\Portal\SlxClient\ChildPages\User\User.page.xml)
INFO  2011-01-13 14:28:48,868 - Successfully installed User Detail (\Portal\SlxClient\ChildPages\User\User.page.xml)
INFO  2011-01-13 14:28:48,868 - Installing model item: UserRoles (\Portal\SlxClient\ChildPages\User\SmartParts\UserRoles.smartpart.xml)
INFO  2011-01-13 14:28:49,071 - Successfully installed UserRoles (\Portal\SlxClient\ChildPages\User\SmartParts\UserRoles.smartpart.xml)
INFO  2011-01-13 14:28:49,087 - Installing model item: SelectRole (\Portal\SlxClient\ChildPages\User\SmartParts\SelectRole.smartpart.xml)
INFO  2011-01-13 14:28:49,415 - Successfully installed SelectRole (\Portal\SlxClient\ChildPages\User\SmartParts\SelectRole.smartpart.xml)
INFO  2011-01-13 14:28:49,430 - Installing model item: Secured Action (\Portal\SlxClient\ContextMenuItems\contextSecuredAction\contextSecuredAction.contextmenu.xml)
INFO  2011-01-13 14:28:49,743 - Successfully installed Secured Action (\Portal\SlxClient\ContextMenuItems\contextSecuredAction\contextSecuredAction.contextmenu.xml)
INFO  2011-01-13 14:28:49,743 - Installing model item: Lookup Secured Action... (\Portal\SlxClient\ContextMenuItems\contextSecuredAction\ContextMenuItems\menuItemSecuredAction\menuItemSecuredAction.contextmenu.xml)
INFO  2011-01-13 14:28:50,681 - Successfully installed Lookup Secured Action... (\Portal\SlxClient\ContextMenuItems\contextSecuredAction\ContextMenuItems\menuItemSecuredAction\menuItemSecuredAction.contextmenu.xml)
INFO  2011-01-13 14:28:50,946 - Installing model item: New Secured Action... (\Portal\SlxClient\ContextMenuItems\contextSecuredAction\ContextMenuItems\menuItemNewSecuredAction\menuItemNewSecuredAction.contextmenu.xml)
INFO  2011-01-13 14:28:51,634 - Successfully installed New Secured Action... (\Portal\SlxClient\ContextMenuItems\contextSecuredAction\ContextMenuItems\menuItemNewSecuredAction\menuItemNewSecuredAction.contextmenu.xml)
INFO  2011-01-13 14:28:51,634 - Installing model item: Create New Group... (\Portal\SlxClient\ContextMenuItems\contextSecuredAction\ContextMenuItems\menuItemCreateNewSecuredActionGroup\menuItemCreateNewSecuredActionGroup.contextmenu.xml)
INFO  2011-01-13 14:28:51,884 - Successfully installed Create New Group... (\Portal\SlxClient\ContextMenuItems\contextSecuredAction\ContextMenuItems\menuItemCreateNewSecuredActionGroup\menuItemCreateNewSecuredActionGroup.contextmenu.xml)
INFO  2011-01-13 14:28:51,899 - Installing model item: Resource (\Portal\SlxClient\ContextMenuItems\contextResource\contextResource.contextmenu.xml)
INFO  2011-01-13 14:28:52,227 - Successfully installed Resource (\Portal\SlxClient\ContextMenuItems\contextResource\contextResource.contextmenu.xml)
INFO  2011-01-13 14:28:52,243 - Installing model item: Lookup Resource... (\Portal\SlxClient\ContextMenuItems\contextResource\ContextMenuItems\menuItemLookupResource\menuItemLookupResource.contextmenu.xml)
INFO  2011-01-13 14:28:52,696 - Successfully installed Lookup Resource... (\Portal\SlxClient\ContextMenuItems\contextResource\ContextMenuItems\menuItemLookupResource\menuItemLookupResource.contextmenu.xml)
INFO  2011-01-13 14:28:52,743 - Installing model item: New Resource... (\Portal\SlxClient\ContextMenuItems\contextResource\ContextMenuItems\menuItemNewResource\menuItemNewResource.contextmenu.xml)
INFO  2011-01-13 14:28:52,931 - Successfully installed New Resource... (\Portal\SlxClient\ContextMenuItems\contextResource\ContextMenuItems\menuItemNewResource\menuItemNewResource.contextmenu.xml)
INFO  2011-01-13 14:28:52,946 - Installing model item: Create New Group... (\Portal\SlxClient\ContextMenuItems\contextResource\ContextMenuItems\menuItemCreateNewGroup\menuItemCreateNewGroup.contextmenu.xml)
INFO  2011-01-13 14:28:53,259 - Successfully installed Create New Group... (\Portal\SlxClient\ContextMenuItems\contextResource\ContextMenuItems\menuItemCreateNewGroup\menuItemCreateNewGroup.contextmenu.xml)
INFO  2011-01-13 14:28:53,274 - Installing model item: Qualification (\Portal\SlxClient\ContextMenuItems\contextQualification\contextQualification.contextmenu.xml)
INFO  2011-01-13 14:28:53,540 - Successfully installed Qualification (\Portal\SlxClient\ContextMenuItems\contextQualification\contextQualification.contextmenu.xml)
INFO  2011-01-13 14:28:53,556 - Installing model item: Lookup Qualification... (\Portal\SlxClient\ContextMenuItems\contextQualification\ContextMenuItems\menuItemLookupQualification\menuItemLookupQualification.contextmenu.xml)
INFO  2011-01-13 14:28:53,759 - Successfully installed Lookup Qualification... (\Portal\SlxClient\ContextMenuItems\contextQualification\ContextMenuItems\menuItemLookupQualification\menuItemLookupQualification.contextmenu.xml)
INFO  2011-01-13 14:28:53,759 - Installing model item: New Qualification... (\Portal\SlxClient\ContextMenuItems\contextQualification\ContextMenuItems\contextItemNewQualification\contextItemNewQualification.contextmenu.xml)
INFO  2011-01-13 14:28:53,993 - Successfully installed New Qualification... (\Portal\SlxClient\ContextMenuItems\contextQualification\ContextMenuItems\contextItemNewQualification\contextItemNewQualification.contextmenu.xml)
INFO  2011-01-13 14:28:54,009 - Installing model item: Create New Group... (\Portal\SlxClient\ContextMenuItems\contextQualification\ContextMenuItems\menuItemCreateNewGroup\menuItemCreateNewGroup.contextmenu.xml)
INFO  2011-01-13 14:28:54,243 - Successfully installed Create New Group... (\Portal\SlxClient\ContextMenuItems\contextQualification\ContextMenuItems\menuItemCreateNewGroup\menuItemCreateNewGroup.contextmenu.xml)
INFO  2011-01-13 14:28:54,259 - Installing context item: Administration (\Portal\SlxClient\MenuItems\mnuAdministration\mnuAdministration.menu.xml)
INFO  2011-01-13 14:28:54,274 - Successfully installed Administration (\Portal\SlxClient\MenuItems\mnuAdministration\mnuAdministration.menu.xml)
INFO  2011-01-13 14:28:54,274 - Installing model item: New Resource... (\Portal\SlxClient\MenuItems\mnuAdministration\MenuItems\new_resource\new_resource.menu.xml)
INFO  2011-01-13 14:28:54,868 - Successfully installed New Resource... (\Portal\SlxClient\MenuItems\mnuAdministration\MenuItems\new_resource\new_resource.menu.xml)
INFO  2011-01-13 14:28:54,884 - Installing model item: New Qualification... (\Portal\SlxClient\MenuItems\mnuAdministration\MenuItems\new_qualification\new_qualification.menu.xml)
INFO  2011-01-13 14:28:55,649 - Successfully installed New Qualification... (\Portal\SlxClient\MenuItems\mnuAdministration\MenuItems\new_qualification\new_qualification.menu.xml)
INFO  2011-01-13 14:28:55,665 - Installing model item: New Secured Action... (\Portal\SlxClient\MenuItems\mnuAdministration\MenuItems\menuNewSecuredAction\menuNewSecuredAction.menu.xml)
INFO  2011-01-13 14:28:56,618 - Successfully installed New Secured Action... (\Portal\SlxClient\MenuItems\mnuAdministration\MenuItems\menuNewSecuredAction\menuNewSecuredAction.menu.xml)
INFO  2011-01-13 14:28:56,712 - Installing context item: Administration (\Portal\SlxClient\NavGroups\navAdministration\navAdministration.navgroup.xml)
INFO  2011-01-13 14:28:56,774 - Successfully installed Administration (\Portal\SlxClient\NavGroups\navAdministration\navAdministration.navgroup.xml)
INFO  2011-01-13 14:28:56,790 - Installing model item: Resources (\Portal\SlxClient\NavGroups\navAdministration\NavItems\navResources.navitem.xml)
INFO  2011-01-13 14:28:57,525 - Successfully installed Resources (\Portal\SlxClient\NavGroups\navAdministration\NavItems\navResources.navitem.xml)
INFO  2011-01-13 14:28:57,540 - Installing model item: Qualifications (\Portal\SlxClient\NavGroups\navAdministration\NavItems\navQualifications.navitem.xml)
INFO  2011-01-13 14:28:58,165 - Successfully installed Qualifications (\Portal\SlxClient\NavGroups\navAdministration\NavItems\navQualifications.navitem.xml)
INFO  2011-01-13 14:28:58,165 - Installing model item: Secured Actions (\Portal\SlxClient\NavGroups\navAdministration\NavItems\navSecuredAction.navitem.xml)
INFO  2011-01-13 14:28:59,025 - Successfully installed Secured Actions (\Portal\SlxClient\NavGroups\navAdministration\NavItems\navSecuredAction.navitem.xml)
INFO  2011-01-13 14:28:59,040 - Configuring installed items.
INFO  2011-01-13 14:28:59,040 - Configuring Sage SalesLogix...
INFO  2011-01-13 14:28:59,150 - Configuring Sage.SalesLogix.Web.AcceleratorsModule.ScriptSetup...
INFO  2011-01-13 14:28:59,181 - Configuring SecuredActionTasklet...
INFO  2011-01-13 14:29:00,696 - Configuring UserTasklet...
INFO  2011-01-13 14:29:00,712 - Configuring Secured Actions...
INFO  2011-01-13 14:29:04,603 - Configuring LiveGroupViewer (Custom)...
INFO  2011-01-13 14:29:04,618 - Configuring SecuredActionDetail...
INFO  2011-01-13 14:29:04,634 - Configuring SecuredActionRoles...
INFO  2011-01-13 14:29:04,697 - Configuring SecuredActionLocations (Custom)...
INFO  2011-01-13 14:29:04,712 - Configuring SelectRole...
INFO  2011-01-13 14:29:04,712 - Configuring Sage.SalesLogix.Client.GroupBuilder.Modules.GroupViewerModule...
INFO  2011-01-13 14:29:04,931 - Configuring Qualification...
INFO  2011-01-13 14:29:05,150 - Configuring LiveGroupViewer (Custom)...
INFO  2011-01-13 14:29:05,165 - Configuring QualificationCategoryDetail...
INFO  2011-01-13 14:29:05,181 - Configuring Qualifications...
INFO  2011-01-13 14:29:05,181 - Configuring AddEditQualification...
INFO  2011-01-13 14:29:05,197 - Configuring Sage.SalesLogix.Client.GroupBuilder.Modules.GroupViewerModule...
INFO  2011-01-13 14:29:05,962 - Configuring Resource...
INFO  2011-01-13 14:29:05,978 - Configuring LiveGroupViewer (Custom)...
INFO  2011-01-13 14:29:06,087 - Configuring ResourceDetail...
INFO  2011-01-13 14:29:06,087 - Configuring Sage.SalesLogix.Client.GroupBuilder.Modules.GroupViewerModule...
INFO  2011-01-13 14:29:06,181 - Configuring Insert Secured Action...
INFO  2011-01-13 14:29:06,197 - Configuring SecuredActionDetail...
INFO  2011-01-13 14:29:06,275 - Configuring Insert Qualification...
INFO  2011-01-13 14:29:06,290 - Configuring QualificationCategoryDetail...
INFO  2011-01-13 14:29:06,290 - Configuring Insert Resource...
INFO  2011-01-13 14:29:06,306 - Configuring ResourceDetail...
INFO  2011-01-13 14:29:06,306 - Configuring User Detail...
INFO  2011-01-13 14:29:06,384 - Configuring UserRoles...
INFO  2011-01-13 14:29:06,400 - Configuring SelectRole...
INFO  2011-01-13 14:29:06,400 - Configuring Secured Action...
INFO  2011-01-13 14:29:07,150 - Configuring Lookup Secured Action......
INFO  2011-01-13 14:29:07,290 - Configuring New Secured Action......
INFO  2011-01-13 14:29:07,290 - Configuring Create New Group......
INFO  2011-01-13 14:29:07,400 - Configuring Resource...
INFO  2011-01-13 14:29:07,415 - Configuring Lookup Resource......
INFO  2011-01-13 14:29:07,572 - Configuring New Resource......
INFO  2011-01-13 14:29:07,650 - Configuring Create New Group......
INFO  2011-01-13 14:29:07,650 - Configuring Qualification...
INFO  2011-01-13 14:29:07,665 - Configuring Lookup Qualification......
INFO  2011-01-13 14:29:07,900 - Configuring New Qualification......
INFO  2011-01-13 14:29:07,900 - Configuring Create New Group......
INFO  2011-01-13 14:29:07,978 - Configuring Administration...
INFO  2011-01-13 14:29:07,994 - Configuring New Resource......
INFO  2011-01-13 14:29:08,431 - Configuring New Qualification......
INFO  2011-01-13 14:29:08,431 - Configuring New Secured Action......
INFO  2011-01-13 14:29:08,447 - Configuring Administration...
INFO  2011-01-13 14:29:08,462 - Configuring Resources...
INFO  2011-01-13 14:29:08,603 - Configuring Qualifications...
INFO  2011-01-13 14:29:08,603 - Configuring Secured Actions...
INFO  2011-01-13 14:29:08,619 - Performing pre-commit to target project.
INFO  2011-01-13 14:29:10,119 - Committing items to target project...
INFO  2011-01-13 14:29:37,151 - Committing transactions...
INFO  2011-01-13 14:29:40,932 - Copying bundle manifest to project.
INFO  2011-01-13 14:29:48,886 - Install complete.
