5/4/2012 5:02:44 PM
INFO  2012-05-04 13:02:37,499 - Installing bundle...
INFO  2012-05-04 13:02:37,515 - Performing pre-install.
INFO  2012-05-04 13:02:37,523 - Installing context item: SalesLogix Application Entities (\Entity Model\SalesLogix Application Entities\SalesLogix Application Entities.T.package.xml)
INFO  2012-05-04 13:02:37,541 - Successfully installed SalesLogix Application Entities (\Entity Model\SalesLogix Application Entities\SalesLogix Application Entities.T.package.xml)
INFO  2012-05-04 13:02:37,547 - Installing context item: SalesOrderItem (\Entity Model\SalesLogix Application Entities\SalesOrderItem\SalesOrderItem.SALESORDERITEMS.entity.xml)
INFO  2012-05-04 13:02:38,061 - Successfully installed SalesOrderItem (\Entity Model\SalesLogix Application Entities\SalesOrderItem\SalesOrderItem.SALESORDERITEMS.entity.xml)
INFO  2012-05-04 13:02:38,068 - Installing model item: CalculateUnitOfMeasureChange (\Entity Model\SalesLogix Application Entities\SalesOrderItem\CalculateUnitOfMeasureChange.method.xml)
INFO  2012-05-04 13:02:38,087 - Successfully installed CalculateUnitOfMeasureChange (\Entity Model\SalesLogix Application Entities\SalesOrderItem\CalculateUnitOfMeasureChange.method.xml)
INFO  2012-05-04 13:02:38,092 - Installing item: CalculateUnitOfMeasureChange (\Entity Model\SalesLogix Application Entities\SalesOrderItem\CalculateUnitOfMeasureChange.method.xml::Primary Steps::CalculateUnitOfMeasureChange)
INFO  2012-05-04 13:02:38,102 - Successfully installed CalculateUnitOfMeasureChange (\Entity Model\SalesLogix Application Entities\SalesOrderItem\CalculateUnitOfMeasureChange.method.xml::Primary Steps::CalculateUnitOfMeasureChange)
INFO  2012-05-04 13:02:38,107 - Installing model item: ICEditSalesOrderItem (\Entity Model\SalesLogix Application Entities\SalesOrderItem\QuickForms\ICEditSalesOrderItem.main.quickform.xml)
INFO  2012-05-04 13:02:38,401 - Successfully installed ICEditSalesOrderItem (\Entity Model\SalesLogix Application Entities\SalesOrderItem\QuickForms\ICEditSalesOrderItem.main.quickform.xml)
INFO  2012-05-04 13:02:38,409 - Installing context item: SalesOrder (\Entity Model\SalesLogix Application Entities\SalesOrder\SalesOrder.SALESORDER.entity.xml)
INFO  2012-05-04 13:02:39,131 - Successfully installed SalesOrder (\Entity Model\SalesLogix Application Entities\SalesOrder\SalesOrder.SALESORDER.entity.xml)
INFO  2012-05-04 13:02:39,140 - Installing model item: EditSalesOrderDetail (\Entity Model\SalesLogix Application Entities\SalesOrder\QuickForms\EditSalesOrderDetail.main.quickform.xml)
INFO  2012-05-04 13:02:39,153 - Successfully installed EditSalesOrderDetail (\Entity Model\SalesLogix Application Entities\SalesOrder\QuickForms\EditSalesOrderDetail.main.quickform.xml)
INFO  2012-05-04 13:02:39,164 - Installing model item: SalesOrderDetails (\Entity Model\SalesLogix Application Entities\SalesOrder\QuickForms\SalesOrderDetails.main.quickform.xml)
INFO  2012-05-04 13:02:39,203 - Successfully installed SalesOrderDetails (\Entity Model\SalesLogix Application Entities\SalesOrder\QuickForms\SalesOrderDetails.main.quickform.xml)
INFO  2012-05-04 13:02:39,210 - Installing context item: Account (\Entity Model\SalesLogix Application Entities\Account\Account.ACCOUNT.entity.xml)
INFO  2012-05-04 13:02:39,793 - Successfully installed Account (\Entity Model\SalesLogix Application Entities\Account\Account.ACCOUNT.entity.xml)
INFO  2012-05-04 13:02:39,802 - Installing model item: ICAccounting (\Entity Model\SalesLogix Application Entities\Account\QuickForms\ICAccounting.main.quickform.xml)
INFO  2012-05-04 13:02:39,812 - Successfully installed ICAccounting (\Entity Model\SalesLogix Application Entities\Account\QuickForms\ICAccounting.main.quickform.xml)
INFO  2012-05-04 13:02:39,820 - Installing context item: SalesLogix Contract Sync Entities (\Entity Model\SalesLogix Contract Sync Entities\SalesLogix Contract Sync Entities.T.package.xml)
INFO  2012-05-04 13:02:39,825 - Successfully installed SalesLogix Contract Sync Entities (\Entity Model\SalesLogix Contract Sync Entities\SalesLogix Contract Sync Entities.T.package.xml)
INFO  2012-05-04 13:02:39,835 - Installing context item: AppIdMapping (\Entity Model\SalesLogix Contract Sync Entities\AppIdMapping\AppIdMapping.APPIDMAPPING.entity.xml)
INFO  2012-05-04 13:02:39,979 - Successfully installed AppIdMapping (\Entity Model\SalesLogix Contract Sync Entities\AppIdMapping\AppIdMapping.APPIDMAPPING.entity.xml)
INFO  2012-05-04 13:02:39,987 - Installing model item: AccountingSystems (\Entity Model\SalesLogix Contract Sync Entities\AppIdMapping\QuickForms\AccountingSystems.main.quickform.xml)
INFO  2012-05-04 13:02:40,003 - Successfully installed AccountingSystems (\Entity Model\SalesLogix Contract Sync Entities\AppIdMapping\QuickForms\AccountingSystems.main.quickform.xml)
INFO  2012-05-04 13:02:40,012 - Installing model item: AddEditAccountingSystem (\Entity Model\SalesLogix Contract Sync Entities\AppIdMapping\QuickForms\AddEditAccountingSystem.main.quickform.xml)
INFO  2012-05-04 13:02:40,029 - Successfully installed AddEditAccountingSystem (\Entity Model\SalesLogix Contract Sync Entities\AppIdMapping\QuickForms\AddEditAccountingSystem.main.quickform.xml)
INFO  2012-05-04 13:02:40,037 - Installing model item: Product.SalesOrderItems 1:M Sales Order Item.Product (\Entity Model\Relationships\Product.SalesOrderItem.02abd3f61cfd4245a2fa54b7cceccc52.relationship.xml)
INFO  2012-05-04 13:02:41,797 - Successfully installed Product.SalesOrderItems 1:M Sales Order Item.Product (\Entity Model\Relationships\Product.SalesOrderItem.02abd3f61cfd4245a2fa54b7cceccc52.relationship.xml)
INFO  2012-05-04 13:02:41,807 - Installing context item: Web Reporting Portal (\Portal\slxwebrpt\slxwebrpt.portal.xml)
INFO  2012-05-04 13:02:42,378 - Successfully installed Web Reporting Portal (\Portal\slxwebrpt\slxwebrpt.portal.xml)
INFO  2012-05-04 13:02:42,391 - Installing context item: SalesLogix Lead Capture (\Portal\SlxLeadCapture\SlxLeadCapture.portal.xml)
INFO  2012-05-04 13:02:42,555 - Successfully installed SalesLogix Lead Capture (\Portal\SlxLeadCapture\SlxLeadCapture.portal.xml)
INFO  2012-05-04 13:02:42,566 - Installing context item: Intellisync For SalesLogix (\Portal\SlxIntellisync\SlxIntellisync.portal.xml)
INFO  2012-05-04 13:02:42,691 - Successfully installed Intellisync For SalesLogix (\Portal\SlxIntellisync\SlxIntellisync.portal.xml)
INFO  2012-05-04 13:02:42,702 - Installing context item: Sage SalesLogix Customer Portal (\Portal\SLXCustomerPortal\SLXCustomerPortal.portal.xml)
INFO  2012-05-04 13:02:42,894 - Successfully installed Sage SalesLogix Customer Portal (\Portal\SLXCustomerPortal\SLXCustomerPortal.portal.xml)
INFO  2012-05-04 13:02:42,902 - Installing context item: Sage SalesLogix (\Portal\SlxClient\SlxClient.portal.xml)
INFO  2012-05-04 13:02:43,136 - Successfully installed Sage SalesLogix (\Portal\SlxClient\SlxClient.portal.xml)
INFO  2012-05-04 13:02:43,145 - Installing context item: SData Integration Host (\Portal\sdata\sdata.portal.xml)
INFO  2012-05-04 13:02:43,305 - Successfully installed SData Integration Host (\Portal\sdata\sdata.portal.xml)
INFO  2012-05-04 13:02:43,318 - Installing context item: Process Host Portal (\Portal\ProcessHost\ProcessHost.portal.xml)
INFO  2012-05-04 13:02:43,505 - Successfully installed Process Host Portal (\Portal\ProcessHost\ProcessHost.portal.xml)
INFO  2012-05-04 13:02:43,521 - Configuring installed items.
INFO  2012-05-04 13:02:43,533 - Configuring Web Reporting Portal...
INFO  2012-05-04 13:02:43,547 - Configuring SalesLogix Lead Capture...
INFO  2012-05-04 13:02:43,555 - Configuring Intellisync For SalesLogix...
INFO  2012-05-04 13:02:43,564 - Configuring Sage SalesLogix Customer Portal...
INFO  2012-05-04 13:02:43,575 - Configuring Sage SalesLogix...
INFO  2012-05-04 13:02:43,584 - Configuring SData Integration Host...
INFO  2012-05-04 13:02:43,595 - Configuring Process Host Portal...
INFO  2012-05-04 13:02:43,607 - Performing pre-commit to target project.
INFO  2012-05-04 13:02:44,063 - Committing items to target project...
INFO  2012-05-04 13:02:44,240 - Committing transactions...
INFO  2012-05-04 13:02:44,457 - Copying bundle manifest to project.
INFO  2012-05-04 13:02:47,248 - Install complete.
