5/4/2012 4:56:19 PM
INFO  2012-05-04 12:56:08,245 - Installing bundle...
INFO  2012-05-04 12:56:08,267 - Performing pre-install.
INFO  2012-05-04 12:56:08,275 - Installing context item: SalesLogix Application Entities (\Entity Model\SalesLogix Application Entities\SalesLogix Application Entities.T.package.xml)
INFO  2012-05-04 12:56:08,282 - Successfully installed SalesLogix Application Entities (\Entity Model\SalesLogix Application Entities\SalesLogix Application Entities.T.package.xml)
INFO  2012-05-04 12:56:08,290 - Installing context item: Address (\Entity Model\SalesLogix Application Entities\Address\Address.ADDRESS.entity.xml)
INFO  2012-05-04 12:56:08,700 - Successfully installed Address (\Entity Model\SalesLogix Application Entities\Address\Address.ADDRESS.entity.xml)
INFO  2012-05-04 12:56:08,705 - Installing model item: OnBeforeInsert (\Entity Model\SalesLogix Application Entities\Address\OnBeforeInsert.method.xml)
INFO  2012-05-04 12:56:08,720 - Successfully installed OnBeforeInsert (\Entity Model\SalesLogix Application Entities\Address\OnBeforeInsert.method.xml)
INFO  2012-05-04 12:56:08,724 - Installing item: ValidateCountryCode (\Entity Model\SalesLogix Application Entities\Address\OnBeforeInsert.method.xml::Pre Execute Steps::ValidateCountryCode)
INFO  2012-05-04 12:56:08,729 - Successfully installed ValidateCountryCode (\Entity Model\SalesLogix Application Entities\Address\OnBeforeInsert.method.xml::Pre Execute Steps::ValidateCountryCode)
INFO  2012-05-04 12:56:08,733 - Installing item: OnBeforeInsert (\Entity Model\SalesLogix Application Entities\Address\OnBeforeInsert.method.xml::Primary Steps::OnBeforeInsert)
INFO  2012-05-04 12:56:08,741 - Successfully installed OnBeforeInsert (\Entity Model\SalesLogix Application Entities\Address\OnBeforeInsert.method.xml::Primary Steps::OnBeforeInsert)
INFO  2012-05-04 12:56:08,747 - Installing model item: OnBeforeUpdate (\Entity Model\SalesLogix Application Entities\Address\OnBeforeUpdate.method.xml)
INFO  2012-05-04 12:56:08,754 - Successfully installed OnBeforeUpdate (\Entity Model\SalesLogix Application Entities\Address\OnBeforeUpdate.method.xml)
INFO  2012-05-04 12:56:08,760 - Installing item: ValidateCountryCode (\Entity Model\SalesLogix Application Entities\Address\OnBeforeUpdate.method.xml::Pre Execute Steps::ValidateCountryCode)
INFO  2012-05-04 12:56:08,767 - Successfully installed ValidateCountryCode (\Entity Model\SalesLogix Application Entities\Address\OnBeforeUpdate.method.xml::Pre Execute Steps::ValidateCountryCode)
INFO  2012-05-04 12:56:08,774 - Installing item: OnBeforeUpdate (\Entity Model\SalesLogix Application Entities\Address\OnBeforeUpdate.method.xml::Primary Steps::OnBeforeUpdate)
INFO  2012-05-04 12:56:08,784 - Successfully installed OnBeforeUpdate (\Entity Model\SalesLogix Application Entities\Address\OnBeforeUpdate.method.xml::Primary Steps::OnBeforeUpdate)
INFO  2012-05-04 12:56:08,790 - Installing context item: Opportunity (\Entity Model\SalesLogix Application Entities\Opportunity\Opportunity.OPPORTUNITY.entity.xml)
INFO  2012-05-04 12:56:09,407 - Successfully installed Opportunity (\Entity Model\SalesLogix Application Entities\Opportunity\Opportunity.OPPORTUNITY.entity.xml)
INFO  2012-05-04 12:56:09,421 - Installing model item: OnAccountChanged (\Entity Model\SalesLogix Application Entities\Opportunity\OnAccountChanged.method.xml)
INFO  2012-05-04 12:56:09,432 - Successfully installed OnAccountChanged (\Entity Model\SalesLogix Application Entities\Opportunity\OnAccountChanged.method.xml)
INFO  2012-05-04 12:56:09,443 - Installing item: OnAccountChanged (\Entity Model\SalesLogix Application Entities\Opportunity\OnAccountChanged.method.xml::Primary Steps::OnAccountChanged)
INFO  2012-05-04 12:56:09,455 - Successfully installed OnAccountChanged (\Entity Model\SalesLogix Application Entities\Opportunity\OnAccountChanged.method.xml::Primary Steps::OnAccountChanged)
INFO  2012-05-04 12:56:09,463 - Installing model item: OpportunityProducts (\Entity Model\SalesLogix Application Entities\Opportunity\QuickForms\OpportunityProducts.main.quickform.xml)
INFO  2012-05-04 12:56:09,722 - Successfully installed OpportunityProducts (\Entity Model\SalesLogix Application Entities\Opportunity\QuickForms\OpportunityProducts.main.quickform.xml)
INFO  2012-05-04 12:56:09,730 - Installing model item: PackageKitChildView (\Entity Model\SalesLogix Application Entities\PackageKitChildView\PackageKitChildView.PACKAGEKITCHILDVIEW.entity.xml)
INFO  2012-05-04 12:56:10,230 - Successfully installed PackageKitChildView (\Entity Model\SalesLogix Application Entities\PackageKitChildView\PackageKitChildView.PACKAGEKITCHILDVIEW.entity.xml)
INFO  2012-05-04 12:56:10,245 - Installing model item: ProdPackageKitView (\Entity Model\SalesLogix Application Entities\ProdPackageKitView\ProdPackageKitView.PRODPACKAGEKITVIEW.entity.xml)
INFO  2012-05-04 12:56:10,295 - Successfully installed ProdPackageKitView (\Entity Model\SalesLogix Application Entities\ProdPackageKitView\ProdPackageKitView.PRODPACKAGEKITVIEW.entity.xml)
INFO  2012-05-04 12:56:10,306 - Installing context item: ReturnAddress (\Entity Model\SalesLogix Application Entities\ReturnAddress\ReturnAddress.RMAADDRESS.entity.xml)
INFO  2012-05-04 12:56:10,380 - Successfully installed ReturnAddress (\Entity Model\SalesLogix Application Entities\ReturnAddress\ReturnAddress.RMAADDRESS.entity.xml)
INFO  2012-05-04 12:56:10,389 - Installing model item: OnBeforeInsert (\Entity Model\SalesLogix Application Entities\ReturnAddress\OnBeforeInsert.method.xml)
INFO  2012-05-04 12:56:10,410 - Successfully installed OnBeforeInsert (\Entity Model\SalesLogix Application Entities\ReturnAddress\OnBeforeInsert.method.xml)
INFO  2012-05-04 12:56:10,421 - Installing item: ValidateCountryCode (\Entity Model\SalesLogix Application Entities\ReturnAddress\OnBeforeInsert.method.xml::Pre Execute Steps::ValidateCountryCode)
INFO  2012-05-04 12:56:10,431 - Successfully installed ValidateCountryCode (\Entity Model\SalesLogix Application Entities\ReturnAddress\OnBeforeInsert.method.xml::Pre Execute Steps::ValidateCountryCode)
INFO  2012-05-04 12:56:10,441 - Installing item: OnBeforeInsert (\Entity Model\SalesLogix Application Entities\ReturnAddress\OnBeforeInsert.method.xml::Primary Steps::OnBeforeInsert)
INFO  2012-05-04 12:56:10,453 - Successfully installed OnBeforeInsert (\Entity Model\SalesLogix Application Entities\ReturnAddress\OnBeforeInsert.method.xml::Primary Steps::OnBeforeInsert)
INFO  2012-05-04 12:56:10,460 - Installing model item: OnBeforeUpdate (\Entity Model\SalesLogix Application Entities\ReturnAddress\OnBeforeUpdate.method.xml)
INFO  2012-05-04 12:56:10,473 - Successfully installed OnBeforeUpdate (\Entity Model\SalesLogix Application Entities\ReturnAddress\OnBeforeUpdate.method.xml)
INFO  2012-05-04 12:56:10,483 - Installing item: ValidateCountryCode (\Entity Model\SalesLogix Application Entities\ReturnAddress\OnBeforeUpdate.method.xml::Pre Execute Steps::ValidateCountryCode)
INFO  2012-05-04 12:56:10,491 - Successfully installed ValidateCountryCode (\Entity Model\SalesLogix Application Entities\ReturnAddress\OnBeforeUpdate.method.xml::Pre Execute Steps::ValidateCountryCode)
INFO  2012-05-04 12:56:10,499 - Installing item: OnBeforeUpdate (\Entity Model\SalesLogix Application Entities\ReturnAddress\OnBeforeUpdate.method.xml::Primary Steps::OnBeforeUpdate)
INFO  2012-05-04 12:56:10,508 - Successfully installed OnBeforeUpdate (\Entity Model\SalesLogix Application Entities\ReturnAddress\OnBeforeUpdate.method.xml::Primary Steps::OnBeforeUpdate)
INFO  2012-05-04 12:56:10,516 - Installing context item: SalesOrderAddress (\Entity Model\SalesLogix Application Entities\SalesOrderAddress\SalesOrderAddress.SALESORDERADDRESS.entity.xml)
INFO  2012-05-04 12:56:10,571 - Successfully installed SalesOrderAddress (\Entity Model\SalesLogix Application Entities\SalesOrderAddress\SalesOrderAddress.SALESORDERADDRESS.entity.xml)
INFO  2012-05-04 12:56:10,579 - Installing context item: OnBeforeInsert (\Entity Model\SalesLogix Application Entities\SalesOrderAddress\OnBeforeInsert.method.xml)
INFO  2012-05-04 12:56:12,852 - Successfully installed OnBeforeInsert (\Entity Model\SalesLogix Application Entities\SalesOrderAddress\OnBeforeInsert.method.xml)
INFO  2012-05-04 12:56:12,858 - Installing item: ValidateCountryCode (\Entity Model\SalesLogix Application Entities\SalesOrderAddress\OnBeforeInsert.method.xml::Pre Execute Steps::ValidateCountryCode)
INFO  2012-05-04 12:56:12,866 - Successfully installed ValidateCountryCode (\Entity Model\SalesLogix Application Entities\SalesOrderAddress\OnBeforeInsert.method.xml::Pre Execute Steps::ValidateCountryCode)
INFO  2012-05-04 12:56:12,871 - Installing model item: OnBeforeUpdate (\Entity Model\SalesLogix Application Entities\SalesOrderAddress\OnBeforeUpdate.method.xml)
INFO  2012-05-04 12:56:12,878 - Successfully installed OnBeforeUpdate (\Entity Model\SalesLogix Application Entities\SalesOrderAddress\OnBeforeUpdate.method.xml)
INFO  2012-05-04 12:56:12,885 - Installing item: ValidateCountryCode (\Entity Model\SalesLogix Application Entities\SalesOrderAddress\OnBeforeUpdate.method.xml::Pre Execute Steps::ValidateCountryCode)
INFO  2012-05-04 12:56:12,891 - Successfully installed ValidateCountryCode (\Entity Model\SalesLogix Application Entities\SalesOrderAddress\OnBeforeUpdate.method.xml::Pre Execute Steps::ValidateCountryCode)
INFO  2012-05-04 12:56:12,896 - Installing item: OnBeforeUpdate (\Entity Model\SalesLogix Application Entities\SalesOrderAddress\OnBeforeUpdate.method.xml::Primary Steps::OnBeforeUpdate)
INFO  2012-05-04 12:56:12,901 - Successfully installed OnBeforeUpdate (\Entity Model\SalesLogix Application Entities\SalesOrderAddress\OnBeforeUpdate.method.xml::Primary Steps::OnBeforeUpdate)
INFO  2012-05-04 12:56:12,907 - Installing context item: SalesOrderItem (\Entity Model\SalesLogix Application Entities\SalesOrderItem\SalesOrderItem.SALESORDERITEMS.entity.xml)
INFO  2012-05-04 12:56:12,982 - Successfully installed SalesOrderItem (\Entity Model\SalesLogix Application Entities\SalesOrderItem\SalesOrderItem.SALESORDERITEMS.entity.xml)
INFO  2012-05-04 12:56:12,989 - Installing model item: ICEditSalesOrderItem (\Entity Model\SalesLogix Application Entities\SalesOrderItem\QuickForms\ICEditSalesOrderItem.main.quickform.xml)
INFO  2012-05-04 12:56:13,007 - Successfully installed ICEditSalesOrderItem (\Entity Model\SalesLogix Application Entities\SalesOrderItem\QuickForms\ICEditSalesOrderItem.main.quickform.xml)
INFO  2012-05-04 12:56:13,012 - Installing context item: SalesOrder (\Entity Model\SalesLogix Application Entities\SalesOrder\SalesOrder.SALESORDER.entity.xml)
INFO  2012-05-04 12:56:13,107 - Successfully installed SalesOrder (\Entity Model\SalesLogix Application Entities\SalesOrder\SalesOrder.SALESORDER.entity.xml)
INFO  2012-05-04 12:56:13,113 - Installing model item: SalesOrderDetails (\Entity Model\SalesLogix Application Entities\SalesOrder\QuickForms\SalesOrderDetails.main.quickform.xml)
INFO  2012-05-04 12:56:13,134 - Successfully installed SalesOrderDetails (\Entity Model\SalesLogix Application Entities\SalesOrder\QuickForms\SalesOrderDetails.main.quickform.xml)
INFO  2012-05-04 12:56:13,139 - Installing model item: SalesOrderProducts (\Entity Model\SalesLogix Application Entities\SalesOrder\QuickForms\SalesOrderProducts.main.quickform.xml)
INFO  2012-05-04 12:56:13,157 - Successfully installed SalesOrderProducts (\Entity Model\SalesLogix Application Entities\SalesOrder\QuickForms\SalesOrderProducts.main.quickform.xml)
INFO  2012-05-04 12:56:13,163 - Installing context item: Account (\Entity Model\SalesLogix Application Entities\Account\Account.ACCOUNT.entity.xml)
INFO  2012-05-04 12:56:13,611 - Successfully installed Account (\Entity Model\SalesLogix Application Entities\Account\Account.ACCOUNT.entity.xml)
INFO  2012-05-04 12:56:13,624 - Installing model item: ICAccounting (\Entity Model\SalesLogix Application Entities\Account\QuickForms\ICAccounting.main.quickform.xml)
INFO  2012-05-04 12:56:13,638 - Successfully installed ICAccounting (\Entity Model\SalesLogix Application Entities\Account\QuickForms\ICAccounting.main.quickform.xml)
INFO  2012-05-04 12:56:13,648 - Installing context item: SalesLogix Contract Sync Entities (\Entity Model\SalesLogix Contract Sync Entities\SalesLogix Contract Sync Entities.T.package.xml)
INFO  2012-05-04 12:56:13,656 - Successfully installed SalesLogix Contract Sync Entities (\Entity Model\SalesLogix Contract Sync Entities\SalesLogix Contract Sync Entities.T.package.xml)
INFO  2012-05-04 12:56:13,668 - Installing context item: AppIdMapping (\Entity Model\SalesLogix Contract Sync Entities\AppIdMapping\AppIdMapping.APPIDMAPPING.entity.xml)
INFO  2012-05-04 12:56:13,823 - Successfully installed AppIdMapping (\Entity Model\SalesLogix Contract Sync Entities\AppIdMapping\AppIdMapping.APPIDMAPPING.entity.xml)
INFO  2012-05-04 12:56:13,832 - Installing model item: ValidateEndPoint (\Entity Model\SalesLogix Contract Sync Entities\AppIdMapping\ValidateEndPoint.method.xml)
INFO  2012-05-04 12:56:13,843 - Successfully installed ValidateEndPoint (\Entity Model\SalesLogix Contract Sync Entities\AppIdMapping\ValidateEndPoint.method.xml)
INFO  2012-05-04 12:56:13,856 - Installing item: ValidateEndPoint (\Entity Model\SalesLogix Contract Sync Entities\AppIdMapping\ValidateEndPoint.method.xml::Primary Steps::ValidateEndPoint)
INFO  2012-05-04 12:56:13,864 - Successfully installed ValidateEndPoint (\Entity Model\SalesLogix Contract Sync Entities\AppIdMapping\ValidateEndPoint.method.xml::Primary Steps::ValidateEndPoint)
INFO  2012-05-04 12:56:13,875 - Installing model item: AccountingSystems (\Entity Model\SalesLogix Contract Sync Entities\AppIdMapping\QuickForms\AccountingSystems.main.quickform.xml)
INFO  2012-05-04 12:56:13,897 - Successfully installed AccountingSystems (\Entity Model\SalesLogix Contract Sync Entities\AppIdMapping\QuickForms\AccountingSystems.main.quickform.xml)
INFO  2012-05-04 12:56:13,910 - Installing model item: AddEditAccountingSystem (\Entity Model\SalesLogix Contract Sync Entities\AppIdMapping\QuickForms\AddEditAccountingSystem.main.quickform.xml)
INFO  2012-05-04 12:56:13,934 - Successfully installed AddEditAccountingSystem (\Entity Model\SalesLogix Contract Sync Entities\AppIdMapping\QuickForms\AddEditAccountingSystem.main.quickform.xml)
INFO  2012-05-04 12:56:13,946 - Installing model item: SlxEndPointDetails (\Entity Model\SalesLogix Contract Sync Entities\AppIdMapping\QuickForms\SlxEndPointDetails.main.quickform.xml)
INFO  2012-05-04 12:56:13,965 - Successfully installed SlxEndPointDetails (\Entity Model\SalesLogix Contract Sync Entities\AppIdMapping\QuickForms\SlxEndPointDetails.main.quickform.xml)
INFO  2012-05-04 12:56:13,994 - Installing context item: Web Reporting Portal (\Portal\slxwebrpt\slxwebrpt.portal.xml)
INFO  2012-05-04 12:56:14,599 - Successfully installed Web Reporting Portal (\Portal\slxwebrpt\slxwebrpt.portal.xml)
INFO  2012-05-04 12:56:14,613 - Installing context item: SalesLogix Lead Capture (\Portal\SlxLeadCapture\SlxLeadCapture.portal.xml)
INFO  2012-05-04 12:56:15,014 - Successfully installed SalesLogix Lead Capture (\Portal\SlxLeadCapture\SlxLeadCapture.portal.xml)
INFO  2012-05-04 12:56:15,026 - Installing context item: Intellisync For SalesLogix (\Portal\SlxIntellisync\SlxIntellisync.portal.xml)
INFO  2012-05-04 12:56:15,263 - Successfully installed Intellisync For SalesLogix (\Portal\SlxIntellisync\SlxIntellisync.portal.xml)
INFO  2012-05-04 12:56:15,274 - Installing context item: Sage SalesLogix Customer Portal (\Portal\SLXCustomerPortal\SLXCustomerPortal.portal.xml)
INFO  2012-05-04 12:56:15,788 - Successfully installed Sage SalesLogix Customer Portal (\Portal\SLXCustomerPortal\SLXCustomerPortal.portal.xml)
INFO  2012-05-04 12:56:15,801 - Installing context item: Sage SalesLogix (\Portal\SlxClient\SlxClient.portal.xml)
INFO  2012-05-04 12:56:16,423 - Successfully installed Sage SalesLogix (\Portal\SlxClient\SlxClient.portal.xml)
INFO  2012-05-04 12:56:16,436 - Installing model item: Integration Set Up (\Portal\SlxClient\ChildPages\IntegrationSetup\IntegrationSetup.page.xml)
INFO  2012-05-04 12:56:16,862 - Successfully installed Integration Set Up (\Portal\SlxClient\ChildPages\IntegrationSetup\IntegrationSetup.page.xml)
INFO  2012-05-04 12:56:16,873 - Installing model item: AddEditAccountingSystem (\Portal\SlxClient\ChildPages\IntegrationSetup\SmartParts\AddEditAccountingSystem.smartpart.xml)
INFO  2012-05-04 12:56:16,887 - Successfully installed AddEditAccountingSystem (\Portal\SlxClient\ChildPages\IntegrationSetup\SmartParts\AddEditAccountingSystem.smartpart.xml)
INFO  2012-05-04 12:56:16,911 - Installing context item: SData Integration Host (\Portal\sdata\sdata.portal.xml)
INFO  2012-05-04 12:56:17,210 - Successfully installed SData Integration Host (\Portal\sdata\sdata.portal.xml)
INFO  2012-05-04 12:56:17,221 - Installing context item: Process Host Portal (\Portal\ProcessHost\ProcessHost.portal.xml)
INFO  2012-05-04 12:56:17,534 - Successfully installed Process Host Portal (\Portal\ProcessHost\ProcessHost.portal.xml)
INFO  2012-05-04 12:56:17,543 - Installing item: QFSDataGrid (Control Rendering Template) (\QuickForms\Web\QFSDataGrid.WebControlRenderingTemplate.vm)
INFO  2012-05-04 12:56:17,565 - Successfully installed QFSDataGrid (Control Rendering Template) (\QuickForms\Web\QFSDataGrid.WebControlRenderingTemplate.vm)
INFO  2012-05-04 12:56:17,573 - Installing item: QFSDataGrid (Script Rendering Template) (\QuickForms\Web\QFSDataGrid.WebControlScriptRenderingTemplate.vm)
INFO  2012-05-04 12:56:17,584 - Successfully installed QFSDataGrid (Script Rendering Template) (\QuickForms\Web\QFSDataGrid.WebControlScriptRenderingTemplate.vm)
INFO  2012-05-04 12:56:17,596 - Installing item: QFSLXSDataLookup (Script Rendering Template) (\QuickForms\Web\QFSLXSDataLookup.WebControlScriptRenderingTemplate.vm)
INFO  2012-05-04 12:56:17,608 - Successfully installed QFSLXSDataLookup (Script Rendering Template) (\QuickForms\Web\QFSLXSDataLookup.WebControlScriptRenderingTemplate.vm)
INFO  2012-05-04 12:56:17,622 - Configuring installed items.
INFO  2012-05-04 12:56:17,632 - Configuring Web Reporting Portal...
INFO  2012-05-04 12:56:17,648 - Configuring SalesLogix Lead Capture...
INFO  2012-05-04 12:56:17,660 - Configuring Intellisync For SalesLogix...
INFO  2012-05-04 12:56:17,669 - Configuring Sage SalesLogix Customer Portal...
INFO  2012-05-04 12:56:17,682 - Configuring Sage SalesLogix...
INFO  2012-05-04 12:56:17,695 - Configuring Integration Set Up...
INFO  2012-05-04 12:56:18,583 - Configuring AddEditAccountingSystem...
INFO  2012-05-04 12:56:18,595 - Configuring SData Integration Host...
INFO  2012-05-04 12:56:18,603 - Configuring Process Host Portal...
INFO  2012-05-04 12:56:18,616 - Performing pre-commit to target project.
INFO  2012-05-04 12:56:18,659 - Committing items to target project...
INFO  2012-05-04 12:56:19,020 - Committing transactions...
INFO  2012-05-04 12:56:19,389 - Copying bundle manifest to project.
INFO  2012-05-04 12:56:22,331 - Install complete.
